<?xml version="1.0" encoding="UTF-8"?>
<robot generator="Robot 3.0.4 (Python 3.6.4 on darwin)" generated="20190116 15:19:14.537">
<suite id="s1" name="Launch" source="/Users/ronharley/AutomatedTests/KnockPOC/Central/Launch.robot">
<test id="s1-t1" name="Navigate to Page">
<kw name="Begin Web Test" library="Common" type="setup">
<kw name="Open Browser" library="SeleniumLibrary">
<doc>Opens a new browser instance to the given ``url``.</doc>
<arguments>
<arg>about:blank</arg>
<arg>${BROWSER}</arg>
</arguments>
<msg timestamp="20190116 15:19:14.740" level="INFO">Opening browser 'chrome' to base url 'about:blank'.</msg>
<status status="PASS" starttime="20190116 15:19:14.740" endtime="20190116 15:19:16.683"></status>
</kw>
<status status="PASS" starttime="20190116 15:19:14.739" endtime="20190116 15:19:16.684"></status>
</kw>
<kw name="Log To Console" library="BuiltIn">
<doc>Logs the given message to the console.</doc>
<arguments>
<arg>Navigating to Knock.com</arg>
</arguments>
<status status="PASS" starttime="20190116 15:19:16.684" endtime="20190116 15:19:16.685"></status>
</kw>
<kw name="Navigate to Page" library="Trade">
<tags>
<tag>Go to Knock url</tag>
</tags>
<kw name="Log To Console" library="BuiltIn">
<doc>Logs the given message to the console.</doc>
<arguments>
<arg>Navigating to Knock.com</arg>
</arguments>
<status status="PASS" starttime="20190116 15:19:16.686" endtime="20190116 15:19:16.687"></status>
</kw>
<kw name="Go To" library="SeleniumLibrary">
<doc>Navigates the active browser instance to the provided ``url``.</doc>
<arguments>
<arg>${KnockURL}</arg>
</arguments>
<msg timestamp="20190116 15:19:16.687" level="INFO">Opening url 'https://www.knock.com/'</msg>
<status status="PASS" starttime="20190116 15:19:16.687" endtime="20190116 15:19:17.696"></status>
</kw>
<kw name="Delete All Cookies" library="SeleniumLibrary">
<doc>Deletes all cookies.</doc>
<status status="PASS" starttime="20190116 15:19:17.696" endtime="20190116 15:19:17.893"></status>
</kw>
<kw name="Maximize Browser Window" library="SeleniumLibrary">
<doc>Maximizes current browser window.</doc>
<status status="PASS" starttime="20190116 15:19:17.894" endtime="20190116 15:19:18.208"></status>
</kw>
<kw name="Capture Page Screenshot" library="SeleniumLibrary">
<doc>Takes screenshot of the current page and embeds it into log file.</doc>
<msg timestamp="20190116 15:19:20.613" level="INFO" html="yes">&lt;/td&gt;&lt;/tr&gt;&lt;tr&gt;&lt;td colspan="3"&gt;&lt;a href="selenium-screenshot-1.png"&gt;&lt;img src="selenium-screenshot-1.png" width="800px"&gt;&lt;/a&gt;</msg>
<status status="PASS" starttime="20190116 15:19:18.208" endtime="20190116 15:19:20.614"></status>
</kw>
<status status="PASS" starttime="20190116 15:19:16.685" endtime="20190116 15:19:20.614"></status>
</kw>
<kw name="End Web Test" library="Common" type="teardown">
<kw name="Close Browser" library="SeleniumLibrary">
<doc>Closes the current browser.</doc>
<status status="PASS" starttime="20190116 15:19:20.615" endtime="20190116 15:19:20.702"></status>
</kw>
<status status="PASS" starttime="20190116 15:19:20.614" endtime="20190116 15:19:20.702"></status>
</kw>
<status status="PASS" starttime="20190116 15:19:14.739" endtime="20190116 15:19:20.703" critical="yes"></status>
</test>
<test id="s1-t2" name="Enter Invalid Address">
<kw name="Begin Web Test" library="Common" type="setup">
<kw name="Open Browser" library="SeleniumLibrary">
<doc>Opens a new browser instance to the given ``url``.</doc>
<arguments>
<arg>about:blank</arg>
<arg>${BROWSER}</arg>
</arguments>
<msg timestamp="20190116 15:19:20.705" level="INFO">Opening browser 'chrome' to base url 'about:blank'.</msg>
<status status="PASS" starttime="20190116 15:19:20.705" endtime="20190116 15:19:22.500"></status>
</kw>
<status status="PASS" starttime="20190116 15:19:20.704" endtime="20190116 15:19:22.500"></status>
</kw>
<kw name="Log To Console" library="BuiltIn">
<doc>Logs the given message to the console.</doc>
<arguments>
<arg>Entering a Invalid Address</arg>
</arguments>
<status status="PASS" starttime="20190116 15:19:22.501" endtime="20190116 15:19:22.501"></status>
</kw>
<kw name="Navigate to Page" library="Trade">
<tags>
<tag>Go to Knock url</tag>
</tags>
<kw name="Log To Console" library="BuiltIn">
<doc>Logs the given message to the console.</doc>
<arguments>
<arg>Navigating to Knock.com</arg>
</arguments>
<status status="PASS" starttime="20190116 15:19:22.502" endtime="20190116 15:19:22.502"></status>
</kw>
<kw name="Go To" library="SeleniumLibrary">
<doc>Navigates the active browser instance to the provided ``url``.</doc>
<arguments>
<arg>${KnockURL}</arg>
</arguments>
<msg timestamp="20190116 15:19:22.503" level="INFO">Opening url 'https://www.knock.com/'</msg>
<status status="PASS" starttime="20190116 15:19:22.503" endtime="20190116 15:19:23.289"></status>
</kw>
<kw name="Delete All Cookies" library="SeleniumLibrary">
<doc>Deletes all cookies.</doc>
<status status="PASS" starttime="20190116 15:19:23.289" endtime="20190116 15:19:23.495"></status>
</kw>
<kw name="Maximize Browser Window" library="SeleniumLibrary">
<doc>Maximizes current browser window.</doc>
<status status="PASS" starttime="20190116 15:19:23.495" endtime="20190116 15:19:23.788"></status>
</kw>
<kw name="Capture Page Screenshot" library="SeleniumLibrary">
<doc>Takes screenshot of the current page and embeds it into log file.</doc>
<msg timestamp="20190116 15:19:26.022" level="INFO" html="yes">&lt;/td&gt;&lt;/tr&gt;&lt;tr&gt;&lt;td colspan="3"&gt;&lt;a href="selenium-screenshot-2.png"&gt;&lt;img src="selenium-screenshot-2.png" width="800px"&gt;&lt;/a&gt;</msg>
<status status="PASS" starttime="20190116 15:19:23.788" endtime="20190116 15:19:26.022"></status>
</kw>
<status status="PASS" starttime="20190116 15:19:22.502" endtime="20190116 15:19:26.023"></status>
</kw>
<kw name="Enter Invalid Address" library="Trade">
<tags>
<tag>Enter Invalid Address</tag>
</tags>
<arguments>
<arg>3691 Silver Brook Ln, Gainesville, GA</arg>
</arguments>
<kw name="Set Variable" library="BuiltIn">
<doc>Returns the given values which can then be assigned to a variables.</doc>
<arguments>
<arg>${Invalid}</arg>
</arguments>
<assign>
<var>${InvalidAddress}</var>
</assign>
<msg timestamp="20190116 15:19:26.024" level="INFO">${InvalidAddress} = 3691 Silver Brook Ln, Gainesville, GA</msg>
<status status="PASS" starttime="20190116 15:19:26.023" endtime="20190116 15:19:26.024"></status>
</kw>
<kw name="Set Variable" library="BuiltIn">
<doc>Returns the given values which can then be assigned to a variables.</doc>
<arguments>
<arg>//li[@class='_jx6g50i'][contains(.,'${InvalidAddress}')]</arg>
</arguments>
<assign>
<var>${InValidSearchResult}</var>
</assign>
<msg timestamp="20190116 15:19:26.024" level="INFO">${InValidSearchResult} = //li[@class='_jx6g50i'][contains(.,'3691 Silver Brook Ln, Gainesville, GA')]</msg>
<status status="PASS" starttime="20190116 15:19:26.024" endtime="20190116 15:19:26.024"></status>
</kw>
<kw name="Log To Console" library="BuiltIn">
<doc>Logs the given message to the console.</doc>
<arguments>
<arg>Entering a Invalid Address</arg>
<arg>${CouldNotFindAddress}</arg>
</arguments>
<status status="PASS" starttime="20190116 15:19:26.024" endtime="20190116 15:19:26.025"></status>
</kw>
<kw name="Click Element" library="SeleniumLibrary">
<doc>Click element identified by ``locator``.</doc>
<arguments>
<arg>${EnterAddress}</arg>
</arguments>
<msg timestamp="20190116 15:19:26.025" level="INFO">Clicking element '//input[@placeholder='Enter your home address']'.</msg>
<status status="PASS" starttime="20190116 15:19:26.025" endtime="20190116 15:19:26.106"></status>
</kw>
<kw name="Input Text" library="SeleniumLibrary">
<doc>Types the given ``text`` into text field identified by ``locator``.</doc>
<arguments>
<arg>${EnterAddress}</arg>
<arg>${InvalidAddress}</arg>
</arguments>
<msg timestamp="20190116 15:19:26.106" level="INFO">Typing text '3691 Silver Brook Ln, Gainesville, GA' into text field '//input[@placeholder='Enter your home address']'.</msg>
<status status="PASS" starttime="20190116 15:19:26.106" endtime="20190116 15:19:26.406"></status>
</kw>
<kw name="Run Keyword And Return Status" library="BuiltIn">
<doc>Runs the given keyword with given arguments and returns the status as a Boolean value.</doc>
<arguments>
<arg>element should not be visible</arg>
<arg>${CouldNotFindAddress}</arg>
</arguments>
<assign>
<var>${InValidAddressIsFound}</var>
</assign>
<kw name="Element Should Not Be Visible" library="SeleniumLibrary">
<doc>Verifies that the element identified by ``locator`` is NOT visible.</doc>
<arguments>
<arg>${CouldNotFindAddress}</arg>
</arguments>
<msg timestamp="20190116 15:19:26.430" level="INFO">Element '//li[contains(.,'We could not find that address. Use the address form')]' did not exist.</msg>
<status status="PASS" starttime="20190116 15:19:26.406" endtime="20190116 15:19:26.430"></status>
</kw>
<msg timestamp="20190116 15:19:26.430" level="INFO">${InValidAddressIsFound} = True</msg>
<status status="PASS" starttime="20190116 15:19:26.406" endtime="20190116 15:19:26.430"></status>
</kw>
<kw name="Run Keyword If" library="BuiltIn">
<doc>Runs the given keyword with the given arguments, if ``condition`` is true.</doc>
<arguments>
<arg>${InValidAddressIsFound}</arg>
<arg>Log to console</arg>
<arg>Address found proceeding with workflow</arg>
</arguments>
<kw name="Log To Console" library="BuiltIn">
<doc>Logs the given message to the console.</doc>
<arguments>
<arg>Address found proceeding with workflow</arg>
</arguments>
<status status="PASS" starttime="20190116 15:19:26.431" endtime="20190116 15:19:26.431"></status>
</kw>
<status status="PASS" starttime="20190116 15:19:26.430" endtime="20190116 15:19:26.431"></status>
</kw>
<kw name="Run Keyword If" library="BuiltIn">
<doc>Runs the given keyword with the given arguments, if ``condition`` is true.</doc>
<arguments>
<arg>${InValidAddressIsFound}</arg>
<arg>Wait Until Element is Visible</arg>
<arg>${InValidSearchResult}</arg>
<arg>${DefaultTimeout}</arg>
</arguments>
<kw name="Wait Until Element Is Visible" library="SeleniumLibrary">
<doc>Waits until element ``locator`` is visible.</doc>
<arguments>
<arg>${InValidSearchResult}</arg>
<arg>${DefaultTimeout}</arg>
</arguments>
<status status="PASS" starttime="20190116 15:19:26.431" endtime="20190116 15:19:26.461"></status>
</kw>
<status status="PASS" starttime="20190116 15:19:26.431" endtime="20190116 15:19:26.461"></status>
</kw>
<kw name="Run Keyword If" library="BuiltIn">
<doc>Runs the given keyword with the given arguments, if ``condition`` is true.</doc>
<arguments>
<arg>${InValidAddressIsFound}</arg>
<arg>Click Element</arg>
<arg>${InValidSearchResult}</arg>
</arguments>
<kw name="Click Element" library="SeleniumLibrary">
<doc>Click element identified by ``locator``.</doc>
<arguments>
<arg>${InValidSearchResult}</arg>
</arguments>
<msg timestamp="20190116 15:19:26.462" level="INFO">Clicking element '//li[@class='_jx6g50i'][contains(.,'3691 Silver Brook Ln, Gainesville, GA')]'.</msg>
<status status="PASS" starttime="20190116 15:19:26.462" endtime="20190116 15:19:26.595"></status>
</kw>
<status status="PASS" starttime="20190116 15:19:26.461" endtime="20190116 15:19:26.595"></status>
</kw>
<kw name="Run Keyword If" library="BuiltIn">
<doc>Runs the given keyword with the given arguments, if ``condition`` is true.</doc>
<arguments>
<arg>${InValidAddressIsFound}</arg>
<arg>Capture Page Screenshot</arg>
</arguments>
<kw name="Capture Page Screenshot" library="SeleniumLibrary">
<doc>Takes screenshot of the current page and embeds it into log file.</doc>
<msg timestamp="20190116 15:19:27.256" level="INFO" html="yes">&lt;/td&gt;&lt;/tr&gt;&lt;tr&gt;&lt;td colspan="3"&gt;&lt;a href="selenium-screenshot-3.png"&gt;&lt;img src="selenium-screenshot-3.png" width="800px"&gt;&lt;/a&gt;</msg>
<status status="PASS" starttime="20190116 15:19:26.595" endtime="20190116 15:19:27.256"></status>
</kw>
<status status="PASS" starttime="20190116 15:19:26.595" endtime="20190116 15:19:27.256"></status>
</kw>
<kw name="Run Keyword If" library="BuiltIn">
<doc>Runs the given keyword with the given arguments, if ``condition`` is true.</doc>
<arguments>
<arg>${InValidAddressIsFound}</arg>
<arg>Wait Until Element is Visible</arg>
<arg>${AlreadySubmittedText}</arg>
<arg>20</arg>
</arguments>
<kw name="Wait Until Element Is Visible" library="SeleniumLibrary">
<doc>Waits until element ``locator`` is visible.</doc>
<arguments>
<arg>${AlreadySubmittedText}</arg>
<arg>20</arg>
</arguments>
<status status="PASS" starttime="20190116 15:19:27.257" endtime="20190116 15:19:28.202"></status>
</kw>
<status status="PASS" starttime="20190116 15:19:27.256" endtime="20190116 15:19:28.202"></status>
</kw>
<kw name="Run Keyword And Return Status" library="BuiltIn">
<doc>Runs the given keyword with given arguments and returns the status as a Boolean value.</doc>
<arguments>
<arg>element should be visible</arg>
<arg>${CouldNotFindAddress}</arg>
</arguments>
<assign>
<var>${InValidAddressNotFound}</var>
</assign>
<kw name="Element Should Be Visible" library="SeleniumLibrary">
<doc>Verifies that the element identified by ``locator`` is visible.</doc>
<arguments>
<arg>${CouldNotFindAddress}</arg>
</arguments>
<kw name="Capture Page Screenshot" library="SeleniumLibrary">
<doc>Takes screenshot of the current page and embeds it into log file.</doc>
<msg timestamp="20190116 15:19:28.673" level="INFO" html="yes">&lt;/td&gt;&lt;/tr&gt;&lt;tr&gt;&lt;td colspan="3"&gt;&lt;a href="selenium-screenshot-4.png"&gt;&lt;img src="selenium-screenshot-4.png" width="800px"&gt;&lt;/a&gt;</msg>
<status status="PASS" starttime="20190116 15:19:28.208" endtime="20190116 15:19:28.674"></status>
</kw>
<msg timestamp="20190116 15:19:28.676" level="FAIL">Element with locator '//li[contains(.,'We could not find that address. Use the address form')]' not found.</msg>
<status status="FAIL" starttime="20190116 15:19:28.202" endtime="20190116 15:19:28.676"></status>
</kw>
<msg timestamp="20190116 15:19:28.676" level="INFO">${InValidAddressNotFound} = False</msg>
<status status="PASS" starttime="20190116 15:19:28.202" endtime="20190116 15:19:28.676"></status>
</kw>
<kw name="Run Keyword If" library="BuiltIn">
<doc>Runs the given keyword with the given arguments, if ``condition`` is true.</doc>
<arguments>
<arg>${InValidAddressNotFound}</arg>
<arg>Log to console</arg>
<arg>Address NOT found proceeding with Manual entry workflow</arg>
</arguments>
<status status="PASS" starttime="20190116 15:19:28.676" endtime="20190116 15:19:28.677"></status>
</kw>
<kw name="Run Keyword If" library="BuiltIn">
<doc>Runs the given keyword with the given arguments, if ``condition`` is true.</doc>
<arguments>
<arg>${InValidAddressNotFound}</arg>
<arg>Click Element</arg>
<arg>${AddressFormButton}</arg>
</arguments>
<status status="PASS" starttime="20190116 15:19:28.677" endtime="20190116 15:19:28.677"></status>
</kw>
<kw name="Run Keyword If" library="BuiltIn">
<doc>Runs the given keyword with the given arguments, if ``condition`` is true.</doc>
<arguments>
<arg>${InValidAddressNotFound}</arg>
<arg>Click Element</arg>
<arg>${Address1}</arg>
</arguments>
<status status="PASS" starttime="20190116 15:19:28.677" endtime="20190116 15:19:28.677"></status>
</kw>
<kw name="Run Keyword If" library="BuiltIn">
<doc>Runs the given keyword with the given arguments, if ``condition`` is true.</doc>
<arguments>
<arg>${InValidAddressNotFound}</arg>
<arg>Input Text</arg>
<arg>${Address1}</arg>
<arg>3691 Silver Brook Ln</arg>
</arguments>
<status status="PASS" starttime="20190116 15:19:28.678" endtime="20190116 15:19:28.678"></status>
</kw>
<kw name="Run Keyword If" library="BuiltIn">
<doc>Runs the given keyword with the given arguments, if ``condition`` is true.</doc>
<arguments>
<arg>${InValidAddressNotFound}</arg>
<arg>Click Element</arg>
<arg>${City}</arg>
</arguments>
<status status="PASS" starttime="20190116 15:19:28.678" endtime="20190116 15:19:28.678"></status>
</kw>
<kw name="Run Keyword If" library="BuiltIn">
<doc>Runs the given keyword with the given arguments, if ``condition`` is true.</doc>
<arguments>
<arg>${InValidAddressNotFound}</arg>
<arg>Input Text</arg>
<arg>${City}</arg>
<arg>Gainesville</arg>
</arguments>
<status status="PASS" starttime="20190116 15:19:28.678" endtime="20190116 15:19:28.678"></status>
</kw>
<kw name="Run Keyword If" library="BuiltIn">
<doc>Runs the given keyword with the given arguments, if ``condition`` is true.</doc>
<arguments>
<arg>${InValidAddressNotFound}</arg>
<arg>Click Element</arg>
<arg>${State}</arg>
</arguments>
<status status="PASS" starttime="20190116 15:19:28.678" endtime="20190116 15:19:28.679"></status>
</kw>
<kw name="Run Keyword If" library="BuiltIn">
<doc>Runs the given keyword with the given arguments, if ``condition`` is true.</doc>
<arguments>
<arg>${InValidAddressNotFound}</arg>
<arg>click element</arg>
<arg>xpath=//option[contains(text(),'GA')]</arg>
</arguments>
<status status="PASS" starttime="20190116 15:19:28.679" endtime="20190116 15:19:28.679"></status>
</kw>
<kw name="Run Keyword If" library="BuiltIn">
<doc>Runs the given keyword with the given arguments, if ``condition`` is true.</doc>
<arguments>
<arg>${InValidAddressNotFound}</arg>
<arg>Click Element</arg>
<arg>${Zip}</arg>
</arguments>
<status status="PASS" starttime="20190116 15:19:28.679" endtime="20190116 15:19:28.679"></status>
</kw>
<kw name="Run Keyword If" library="BuiltIn">
<doc>Runs the given keyword with the given arguments, if ``condition`` is true.</doc>
<arguments>
<arg>${InValidAddressNotFound}</arg>
<arg>Input Text</arg>
<arg>${Zip}</arg>
<arg>30506</arg>
</arguments>
<status status="PASS" starttime="20190116 15:19:28.679" endtime="20190116 15:19:28.679"></status>
</kw>
<kw name="Run Keyword If" library="BuiltIn">
<doc>Runs the given keyword with the given arguments, if ``condition`` is true.</doc>
<arguments>
<arg>${InValidAddressNotFound}</arg>
<arg>Click Button</arg>
<arg>${NextButton}</arg>
</arguments>
<status status="PASS" starttime="20190116 15:19:28.680" endtime="20190116 15:19:28.680"></status>
</kw>
<kw name="Run Keyword If" library="BuiltIn">
<doc>Runs the given keyword with the given arguments, if ``condition`` is true.</doc>
<arguments>
<arg>${InValidAddressNotFound}</arg>
<arg>Wait Until Element is Visible</arg>
<arg>${AlreadySubmittedText}</arg>
<arg>20</arg>
</arguments>
<status status="PASS" starttime="20190116 15:19:28.680" endtime="20190116 15:19:28.680"></status>
</kw>
<status status="PASS" starttime="20190116 15:19:26.023" endtime="20190116 15:19:28.680"></status>
</kw>
<kw name="End Web Test" library="Common" type="teardown">
<kw name="Close Browser" library="SeleniumLibrary">
<doc>Closes the current browser.</doc>
<status status="PASS" starttime="20190116 15:19:28.681" endtime="20190116 15:19:28.766"></status>
</kw>
<status status="PASS" starttime="20190116 15:19:28.680" endtime="20190116 15:19:28.766"></status>
</kw>
<status status="PASS" starttime="20190116 15:19:20.704" endtime="20190116 15:19:28.766" critical="yes"></status>
</test>
<test id="s1-t3" name="Expand Notification">
<kw name="Begin Web Test" library="Common" type="setup">
<kw name="Open Browser" library="SeleniumLibrary">
<doc>Opens a new browser instance to the given ``url``.</doc>
<arguments>
<arg>about:blank</arg>
<arg>${BROWSER}</arg>
</arguments>
<msg timestamp="20190116 15:19:28.767" level="INFO">Opening browser 'chrome' to base url 'about:blank'.</msg>
<status status="PASS" starttime="20190116 15:19:28.767" endtime="20190116 15:19:30.549"></status>
</kw>
<status status="PASS" starttime="20190116 15:19:28.767" endtime="20190116 15:19:30.549"></status>
</kw>
<kw name="Log To Console" library="BuiltIn">
<doc>Logs the given message to the console.</doc>
<arguments>
<arg>Enter an Address thats not covered</arg>
</arguments>
<status status="PASS" starttime="20190116 15:19:30.550" endtime="20190116 15:19:30.550"></status>
</kw>
<kw name="Expand Notification" library="Trade">
<tags>
<tag>Not Operating in your Area</tag>
</tags>
<arguments>
<arg>1455 Biscayne Boulevard, Miami, FL</arg>
</arguments>
<kw name="Set Variable" library="BuiltIn">
<doc>Returns the given values which can then be assigned to a variables.</doc>
<arguments>
<arg>${NotAvailable}</arg>
</arguments>
<assign>
<var>${NotAvailableAddress}</var>
</assign>
<msg timestamp="20190116 15:19:30.551" level="INFO">${NotAvailableAddress} = 1455 Biscayne Boulevard, Miami, FL</msg>
<status status="PASS" starttime="20190116 15:19:30.551" endtime="20190116 15:19:30.551"></status>
</kw>
<kw name="Set Variable" library="BuiltIn">
<doc>Returns the given values which can then be assigned to a variables.</doc>
<arguments>
<arg>//li[@class='_jx6g50i'][contains(.,'${NotAvailableAddress}')]</arg>
</arguments>
<assign>
<var>${NotAvailableSearch}</var>
</assign>
<msg timestamp="20190116 15:19:30.552" level="INFO">${NotAvailableSearch} = //li[@class='_jx6g50i'][contains(.,'1455 Biscayne Boulevard, Miami, FL')]</msg>
<status status="PASS" starttime="20190116 15:19:30.551" endtime="20190116 15:19:30.552"></status>
</kw>
<kw name="Log To Console" library="BuiltIn">
<doc>Logs the given message to the console.</doc>
<arguments>
<arg>Enter an Address thats not covered</arg>
</arguments>
<status status="PASS" starttime="20190116 15:19:30.552" endtime="20190116 15:19:30.552"></status>
</kw>
<kw name="Go To" library="SeleniumLibrary">
<doc>Navigates the active browser instance to the provided ``url``.</doc>
<arguments>
<arg>${KnockURL}</arg>
</arguments>
<msg timestamp="20190116 15:19:30.552" level="INFO">Opening url 'https://www.knock.com/'</msg>
<status status="PASS" starttime="20190116 15:19:30.552" endtime="20190116 15:19:31.400"></status>
</kw>
<kw name="Delete All Cookies" library="SeleniumLibrary">
<doc>Deletes all cookies.</doc>
<status status="PASS" starttime="20190116 15:19:31.400" endtime="20190116 15:19:31.605"></status>
</kw>
<kw name="Sleep" library="BuiltIn">
<doc>Pauses the test executed for the given time.</doc>
<arguments>
<arg>2</arg>
</arguments>
<msg timestamp="20190116 15:19:33.606" level="INFO">Slept 2 seconds</msg>
<status status="PASS" starttime="20190116 15:19:31.605" endtime="20190116 15:19:33.606"></status>
</kw>
<kw name="Click Element" library="SeleniumLibrary">
<doc>Click element identified by ``locator``.</doc>
<arguments>
<arg>${EnterAddress}</arg>
</arguments>
<msg timestamp="20190116 15:19:33.607" level="INFO">Clicking element '//input[@placeholder='Enter your home address']'.</msg>
<status status="PASS" starttime="20190116 15:19:33.606" endtime="20190116 15:19:33.687"></status>
</kw>
<kw name="Input Text" library="SeleniumLibrary">
<doc>Types the given ``text`` into text field identified by ``locator``.</doc>
<arguments>
<arg>${EnterAddress}</arg>
<arg>${NotAvailableAddress}</arg>
</arguments>
<msg timestamp="20190116 15:19:33.687" level="INFO">Typing text '1455 Biscayne Boulevard, Miami, FL' into text field '//input[@placeholder='Enter your home address']'.</msg>
<status status="PASS" starttime="20190116 15:19:33.687" endtime="20190116 15:19:34.001"></status>
</kw>
<kw name="Run Keyword And Return Status" library="BuiltIn">
<doc>Runs the given keyword with given arguments and returns the status as a Boolean value.</doc>
<arguments>
<arg>element should not be visible</arg>
<arg>${CouldNotFindAddress}</arg>
</arguments>
<assign>
<var>${UnSupportedAddressFound}</var>
</assign>
<kw name="Element Should Not Be Visible" library="SeleniumLibrary">
<doc>Verifies that the element identified by ``locator`` is NOT visible.</doc>
<arguments>
<arg>${CouldNotFindAddress}</arg>
</arguments>
<msg timestamp="20190116 15:19:34.019" level="INFO">Element '//li[contains(.,'We could not find that address. Use the address form')]' did not exist.</msg>
<status status="PASS" starttime="20190116 15:19:34.002" endtime="20190116 15:19:34.020"></status>
</kw>
<msg timestamp="20190116 15:19:34.020" level="INFO">${UnSupportedAddressFound} = True</msg>
<status status="PASS" starttime="20190116 15:19:34.001" endtime="20190116 15:19:34.020"></status>
</kw>
<kw name="Run Keyword If" library="BuiltIn">
<doc>Runs the given keyword with the given arguments, if ``condition`` is true.</doc>
<arguments>
<arg>${UnSupportedAddressFound}</arg>
<arg>Wait Until Element is Visible</arg>
<arg>${NotAvailableSearch}</arg>
<arg>${DefaultTimeout}</arg>
</arguments>
<kw name="Wait Until Element Is Visible" library="SeleniumLibrary">
<doc>Waits until element ``locator`` is visible.</doc>
<arguments>
<arg>${NotAvailableSearch}</arg>
<arg>${DefaultTimeout}</arg>
</arguments>
<status status="PASS" starttime="20190116 15:19:34.020" endtime="20190116 15:19:34.044"></status>
</kw>
<status status="PASS" starttime="20190116 15:19:34.020" endtime="20190116 15:19:34.044"></status>
</kw>
<kw name="Run Keyword If" library="BuiltIn">
<doc>Runs the given keyword with the given arguments, if ``condition`` is true.</doc>
<arguments>
<arg>${UnSupportedAddressFound}</arg>
<arg>Click Element</arg>
<arg>${NotAvailableSearch}</arg>
</arguments>
<kw name="Click Element" library="SeleniumLibrary">
<doc>Click element identified by ``locator``.</doc>
<arguments>
<arg>${NotAvailableSearch}</arg>
</arguments>
<msg timestamp="20190116 15:19:34.045" level="INFO">Clicking element '//li[@class='_jx6g50i'][contains(.,'1455 Biscayne Boulevard, Miami, FL')]'.</msg>
<status status="PASS" starttime="20190116 15:19:34.045" endtime="20190116 15:19:34.177"></status>
</kw>
<status status="PASS" starttime="20190116 15:19:34.044" endtime="20190116 15:19:34.177"></status>
</kw>
<kw name="Run Keyword If" library="BuiltIn">
<doc>Runs the given keyword with the given arguments, if ``condition`` is true.</doc>
<arguments>
<arg>${UnSupportedAddressFound}</arg>
<arg>Capture Page Screenshot</arg>
</arguments>
<kw name="Capture Page Screenshot" library="SeleniumLibrary">
<doc>Takes screenshot of the current page and embeds it into log file.</doc>
<msg timestamp="20190116 15:19:34.606" level="INFO" html="yes">&lt;/td&gt;&lt;/tr&gt;&lt;tr&gt;&lt;td colspan="3"&gt;&lt;a href="selenium-screenshot-5.png"&gt;&lt;img src="selenium-screenshot-5.png" width="800px"&gt;&lt;/a&gt;</msg>
<status status="PASS" starttime="20190116 15:19:34.177" endtime="20190116 15:19:34.606"></status>
</kw>
<status status="PASS" starttime="20190116 15:19:34.177" endtime="20190116 15:19:34.606"></status>
</kw>
<kw name="Run Keyword If" library="BuiltIn">
<doc>Runs the given keyword with the given arguments, if ``condition`` is true.</doc>
<arguments>
<arg>${UnSupportedAddressFound}</arg>
<arg>Wait Until Element is Visible</arg>
<arg>${NotAvailableHeader}</arg>
<arg>20</arg>
</arguments>
<kw name="Wait Until Element Is Visible" library="SeleniumLibrary">
<doc>Waits until element ``locator`` is visible.</doc>
<arguments>
<arg>${NotAvailableHeader}</arg>
<arg>20</arg>
</arguments>
<status status="PASS" starttime="20190116 15:19:34.607" endtime="20190116 15:19:35.988"></status>
</kw>
<status status="PASS" starttime="20190116 15:19:34.606" endtime="20190116 15:19:35.988"></status>
</kw>
<kw name="Run Keyword And Return Status" library="BuiltIn">
<doc>Runs the given keyword with given arguments and returns the status as a Boolean value.</doc>
<arguments>
<arg>element should be visible</arg>
<arg>${CouldNotFindAddress}</arg>
</arguments>
<assign>
<var>${UnSupportedAddressNotFound}</var>
</assign>
<kw name="Element Should Be Visible" library="SeleniumLibrary">
<doc>Verifies that the element identified by ``locator`` is visible.</doc>
<arguments>
<arg>${CouldNotFindAddress}</arg>
</arguments>
<kw name="Capture Page Screenshot" library="SeleniumLibrary">
<doc>Takes screenshot of the current page and embeds it into log file.</doc>
<msg timestamp="20190116 15:19:36.277" level="INFO" html="yes">&lt;/td&gt;&lt;/tr&gt;&lt;tr&gt;&lt;td colspan="3"&gt;&lt;a href="selenium-screenshot-6.png"&gt;&lt;img src="selenium-screenshot-6.png" width="800px"&gt;&lt;/a&gt;</msg>
<status status="PASS" starttime="20190116 15:19:35.995" endtime="20190116 15:19:36.277"></status>
</kw>
<msg timestamp="20190116 15:19:36.277" level="FAIL">Element with locator '//li[contains(.,'We could not find that address. Use the address form')]' not found.</msg>
<status status="FAIL" starttime="20190116 15:19:35.989" endtime="20190116 15:19:36.277"></status>
</kw>
<msg timestamp="20190116 15:19:36.277" level="INFO">${UnSupportedAddressNotFound} = False</msg>
<status status="PASS" starttime="20190116 15:19:35.989" endtime="20190116 15:19:36.277"></status>
</kw>
<kw name="Run Keyword If" library="BuiltIn">
<doc>Runs the given keyword with the given arguments, if ``condition`` is true.</doc>
<arguments>
<arg>${UnSupportedAddressNotFound}</arg>
<arg>Log to console</arg>
<arg>Address NOT found proceeding with Manual entry workflow</arg>
</arguments>
<status status="PASS" starttime="20190116 15:19:36.278" endtime="20190116 15:19:36.278"></status>
</kw>
<kw name="Run Keyword If" library="BuiltIn">
<doc>Runs the given keyword with the given arguments, if ``condition`` is true.</doc>
<arguments>
<arg>${UnSupportedAddressNotFound}</arg>
<arg>Click Element</arg>
<arg>${AddressFormButton}</arg>
</arguments>
<status status="PASS" starttime="20190116 15:19:36.278" endtime="20190116 15:19:36.278"></status>
</kw>
<kw name="Run Keyword If" library="BuiltIn">
<doc>Runs the given keyword with the given arguments, if ``condition`` is true.</doc>
<arguments>
<arg>${UnSupportedAddressNotFound}</arg>
<arg>Click Element</arg>
<arg>${Address1}</arg>
</arguments>
<status status="PASS" starttime="20190116 15:19:36.278" endtime="20190116 15:19:36.279"></status>
</kw>
<kw name="Run Keyword If" library="BuiltIn">
<doc>Runs the given keyword with the given arguments, if ``condition`` is true.</doc>
<arguments>
<arg>${UnSupportedAddressNotFound}</arg>
<arg>Input Text</arg>
<arg>${Address1}</arg>
<arg>1455 Biscayne Boulevard</arg>
</arguments>
<status status="PASS" starttime="20190116 15:19:36.279" endtime="20190116 15:19:36.279"></status>
</kw>
<kw name="Run Keyword If" library="BuiltIn">
<doc>Runs the given keyword with the given arguments, if ``condition`` is true.</doc>
<arguments>
<arg>${UnSupportedAddressNotFound}</arg>
<arg>Click Element</arg>
<arg>${City}</arg>
</arguments>
<status status="PASS" starttime="20190116 15:19:36.279" endtime="20190116 15:19:36.279"></status>
</kw>
<kw name="Run Keyword If" library="BuiltIn">
<doc>Runs the given keyword with the given arguments, if ``condition`` is true.</doc>
<arguments>
<arg>${UnSupportedAddressNotFound}</arg>
<arg>Input Text</arg>
<arg>${City}</arg>
<arg>Miami</arg>
</arguments>
<status status="PASS" starttime="20190116 15:19:36.279" endtime="20190116 15:19:36.279"></status>
</kw>
<kw name="Run Keyword If" library="BuiltIn">
<doc>Runs the given keyword with the given arguments, if ``condition`` is true.</doc>
<arguments>
<arg>${UnSupportedAddressNotFound}</arg>
<arg>Click Element</arg>
<arg>${State}</arg>
</arguments>
<status status="PASS" starttime="20190116 15:19:36.279" endtime="20190116 15:19:36.280"></status>
</kw>
<kw name="Run Keyword If" library="BuiltIn">
<doc>Runs the given keyword with the given arguments, if ``condition`` is true.</doc>
<arguments>
<arg>${UnSupportedAddressNotFound}</arg>
<arg>click element</arg>
<arg>xpath=//option[contains(text(),'FL')]</arg>
</arguments>
<status status="PASS" starttime="20190116 15:19:36.280" endtime="20190116 15:19:36.280"></status>
</kw>
<kw name="Run Keyword If" library="BuiltIn">
<doc>Runs the given keyword with the given arguments, if ``condition`` is true.</doc>
<arguments>
<arg>${UnSupportedAddressNotFound}</arg>
<arg>Click Element</arg>
<arg>${Zip}</arg>
</arguments>
<status status="PASS" starttime="20190116 15:19:36.280" endtime="20190116 15:19:36.280"></status>
</kw>
<kw name="Run Keyword If" library="BuiltIn">
<doc>Runs the given keyword with the given arguments, if ``condition`` is true.</doc>
<arguments>
<arg>${UnSupportedAddressNotFound}</arg>
<arg>Input Text</arg>
<arg>${Zip}</arg>
<arg>33132</arg>
</arguments>
<status status="PASS" starttime="20190116 15:19:36.280" endtime="20190116 15:19:36.280"></status>
</kw>
<kw name="Run Keyword If" library="BuiltIn">
<doc>Runs the given keyword with the given arguments, if ``condition`` is true.</doc>
<arguments>
<arg>${UnSupportedAddressNotFound}</arg>
<arg>Click Button</arg>
<arg>${NextButton}</arg>
</arguments>
<status status="PASS" starttime="20190116 15:19:36.280" endtime="20190116 15:19:36.281"></status>
</kw>
<kw name="Run Keyword If" library="BuiltIn">
<doc>Runs the given keyword with the given arguments, if ``condition`` is true.</doc>
<arguments>
<arg>${UnSupportedAddressNotFound}</arg>
<arg>Wait Until Element is Visible</arg>
<arg>${NotAvailableHeader}</arg>
<arg>20</arg>
</arguments>
<status status="PASS" starttime="20190116 15:19:36.281" endtime="20190116 15:19:36.281"></status>
</kw>
<status status="PASS" starttime="20190116 15:19:30.551" endtime="20190116 15:19:36.281"></status>
</kw>
<kw name="End Web Test" library="Common" type="teardown">
<kw name="Close Browser" library="SeleniumLibrary">
<doc>Closes the current browser.</doc>
<status status="PASS" starttime="20190116 15:19:36.282" endtime="20190116 15:19:36.361"></status>
</kw>
<status status="PASS" starttime="20190116 15:19:36.281" endtime="20190116 15:19:36.362"></status>
</kw>
<status status="PASS" starttime="20190116 15:19:28.766" endtime="20190116 15:19:36.362" critical="yes"></status>
</test>
<test id="s1-t4" name="Enter Valid Address">
<kw name="Begin Web Test" library="Common" type="setup">
<kw name="Open Browser" library="SeleniumLibrary">
<doc>Opens a new browser instance to the given ``url``.</doc>
<arguments>
<arg>about:blank</arg>
<arg>${BROWSER}</arg>
</arguments>
<msg timestamp="20190116 15:19:36.363" level="INFO">Opening browser 'chrome' to base url 'about:blank'.</msg>
<status status="PASS" starttime="20190116 15:19:36.363" endtime="20190116 15:19:38.140"></status>
</kw>
<status status="PASS" starttime="20190116 15:19:36.363" endtime="20190116 15:19:38.141"></status>
</kw>
<kw name="Log To Console" library="BuiltIn">
<doc>Logs the given message to the console.</doc>
<arguments>
<arg>Entering a Valid Address</arg>
</arguments>
<status status="PASS" starttime="20190116 15:19:38.141" endtime="20190116 15:19:38.142"></status>
</kw>
<kw name="Enter Valid Address" library="Trade">
<tags>
<tag>Enter Valid Address</tag>
</tags>
<arguments>
<arg>3692 Silver Brook Ln, Gainesville, GA</arg>
</arguments>
<kw name="Set Variable" library="BuiltIn">
<doc>Returns the given values which can then be assigned to a variables.</doc>
<arguments>
<arg>${Valid}</arg>
</arguments>
<assign>
<var>${ValidAddress}</var>
</assign>
<msg timestamp="20190116 15:19:38.144" level="INFO">${ValidAddress} = 3692 Silver Brook Ln, Gainesville, GA</msg>
<status status="PASS" starttime="20190116 15:19:38.143" endtime="20190116 15:19:38.144"></status>
</kw>
<kw name="Set Variable" library="BuiltIn">
<doc>Returns the given values which can then be assigned to a variables.</doc>
<arguments>
<arg>//li[@class='_jx6g50i'][contains(.,'${ValidAddress}')]</arg>
</arguments>
<assign>
<var>${ValidSearchResult}</var>
</assign>
<msg timestamp="20190116 15:19:38.144" level="INFO">${ValidSearchResult} = //li[@class='_jx6g50i'][contains(.,'3692 Silver Brook Ln, Gainesville, GA')]</msg>
<status status="PASS" starttime="20190116 15:19:38.144" endtime="20190116 15:19:38.144"></status>
</kw>
<kw name="Log To Console" library="BuiltIn">
<doc>Logs the given message to the console.</doc>
<arguments>
<arg>Entering a Valid Address</arg>
</arguments>
<status status="PASS" starttime="20190116 15:19:38.145" endtime="20190116 15:19:38.145"></status>
</kw>
<kw name="Go To" library="SeleniumLibrary">
<doc>Navigates the active browser instance to the provided ``url``.</doc>
<arguments>
<arg>${KnockURL}</arg>
</arguments>
<msg timestamp="20190116 15:19:38.145" level="INFO">Opening url 'https://www.knock.com/'</msg>
<status status="PASS" starttime="20190116 15:19:38.145" endtime="20190116 15:19:38.979"></status>
</kw>
<kw name="Delete All Cookies" library="SeleniumLibrary">
<doc>Deletes all cookies.</doc>
<status status="PASS" starttime="20190116 15:19:38.979" endtime="20190116 15:19:39.195"></status>
</kw>
<kw name="Sleep" library="BuiltIn">
<doc>Pauses the test executed for the given time.</doc>
<arguments>
<arg>2</arg>
</arguments>
<msg timestamp="20190116 15:19:41.196" level="INFO">Slept 2 seconds</msg>
<status status="PASS" starttime="20190116 15:19:39.195" endtime="20190116 15:19:41.196"></status>
</kw>
<kw name="Click Element" library="SeleniumLibrary">
<doc>Click element identified by ``locator``.</doc>
<arguments>
<arg>${EnterAddress}</arg>
</arguments>
<msg timestamp="20190116 15:19:41.197" level="INFO">Clicking element '//input[@placeholder='Enter your home address']'.</msg>
<status status="PASS" starttime="20190116 15:19:41.197" endtime="20190116 15:19:41.269"></status>
</kw>
<kw name="Click Button" library="SeleniumLibrary">
<doc>Clicks button identified by ``locator``.</doc>
<arguments>
<arg>${GetTradeButton}</arg>
</arguments>
<msg timestamp="20190116 15:19:41.269" level="INFO">Clicking button '//button[@class='_13u5ve25']'.</msg>
<status status="PASS" starttime="20190116 15:19:41.269" endtime="20190116 15:19:41.357"></status>
</kw>
<kw name="Wait Until Element Is Visible" library="SeleniumLibrary">
<doc>Waits until element ``locator`` is visible.</doc>
<arguments>
<arg>${EnterAddress}</arg>
<arg>${DefaultTimeout}</arg>
</arguments>
<status status="PASS" starttime="20190116 15:19:41.357" endtime="20190116 15:19:41.389"></status>
</kw>
<kw name="Click Element" library="SeleniumLibrary">
<doc>Click element identified by ``locator``.</doc>
<arguments>
<arg>${EnterAddress}</arg>
</arguments>
<msg timestamp="20190116 15:19:41.390" level="INFO">Clicking element '//input[@placeholder='Enter your home address']'.</msg>
<status status="PASS" starttime="20190116 15:19:41.389" endtime="20190116 15:19:41.441"></status>
</kw>
<kw name="Input Text" library="SeleniumLibrary">
<doc>Types the given ``text`` into text field identified by ``locator``.</doc>
<arguments>
<arg>${EnterAddress}</arg>
<arg>${ValidAddress}</arg>
</arguments>
<msg timestamp="20190116 15:19:41.441" level="INFO">Typing text '3692 Silver Brook Ln, Gainesville, GA' into text field '//input[@placeholder='Enter your home address']'.</msg>
<status status="PASS" starttime="20190116 15:19:41.441" endtime="20190116 15:19:41.686"></status>
</kw>
<kw name="Run Keyword And Return Status" library="BuiltIn">
<doc>Runs the given keyword with given arguments and returns the status as a Boolean value.</doc>
<arguments>
<arg>element should not be visible</arg>
<arg>${CouldNotFindAddress}</arg>
</arguments>
<assign>
<var>${ValidAddressIsFound}</var>
</assign>
<kw name="Element Should Not Be Visible" library="SeleniumLibrary">
<doc>Verifies that the element identified by ``locator`` is NOT visible.</doc>
<arguments>
<arg>${CouldNotFindAddress}</arg>
</arguments>
<kw name="Capture Page Screenshot" library="SeleniumLibrary">
<doc>Takes screenshot of the current page and embeds it into log file.</doc>
<msg timestamp="20190116 15:19:42.317" level="INFO" html="yes">&lt;/td&gt;&lt;/tr&gt;&lt;tr&gt;&lt;td colspan="3"&gt;&lt;a href="selenium-screenshot-7.png"&gt;&lt;img src="selenium-screenshot-7.png" width="800px"&gt;&lt;/a&gt;</msg>
<status status="PASS" starttime="20190116 15:19:41.709" endtime="20190116 15:19:42.317"></status>
</kw>
<msg timestamp="20190116 15:19:42.317" level="FAIL">The element '//li[contains(.,'We could not find that address. Use the address form')]' should not be visible, but it is.</msg>
<status status="FAIL" starttime="20190116 15:19:41.687" endtime="20190116 15:19:42.317"></status>
</kw>
<msg timestamp="20190116 15:19:42.317" level="INFO">${ValidAddressIsFound} = False</msg>
<status status="PASS" starttime="20190116 15:19:41.686" endtime="20190116 15:19:42.317"></status>
</kw>
<kw name="Run Keyword If" library="BuiltIn">
<doc>Runs the given keyword with the given arguments, if ``condition`` is true.</doc>
<arguments>
<arg>${ValidAddressIsFound}</arg>
<arg>Log to console</arg>
<arg>Address found proceeding with workflow</arg>
</arguments>
<status status="PASS" starttime="20190116 15:19:42.318" endtime="20190116 15:19:42.318"></status>
</kw>
<kw name="Run Keyword If" library="BuiltIn">
<doc>Runs the given keyword with the given arguments, if ``condition`` is true.</doc>
<arguments>
<arg>${ValidAddressIsFound}</arg>
<arg>Wait Until Element is Visible</arg>
<arg>${ValidSearchResult}</arg>
<arg>${DefaultTimeout}</arg>
</arguments>
<status status="PASS" starttime="20190116 15:19:42.318" endtime="20190116 15:19:42.318"></status>
</kw>
<kw name="Run Keyword If" library="BuiltIn">
<doc>Runs the given keyword with the given arguments, if ``condition`` is true.</doc>
<arguments>
<arg>${ValidAddressIsFound}</arg>
<arg>Click Element</arg>
<arg>${ValidSearchResult}</arg>
</arguments>
<status status="PASS" starttime="20190116 15:19:42.318" endtime="20190116 15:19:42.319"></status>
</kw>
<kw name="Run Keyword If" library="BuiltIn">
<doc>Runs the given keyword with the given arguments, if ``condition`` is true.</doc>
<arguments>
<arg>${ValidAddressIsFound}</arg>
<arg>Wait Until Element is Visible</arg>
<arg>${IsAddressCorrectCopy}</arg>
<arg>${DefaultTimeout}</arg>
</arguments>
<status status="PASS" starttime="20190116 15:19:42.319" endtime="20190116 15:19:42.319"></status>
</kw>
<kw name="Run Keyword If" library="BuiltIn">
<doc>Runs the given keyword with the given arguments, if ``condition`` is true.</doc>
<arguments>
<arg>${ValidAddressIsFound}</arg>
<arg>Wait Until Element is Visible</arg>
<arg>${EmptyProgressBar}</arg>
</arguments>
<status status="PASS" starttime="20190116 15:19:42.319" endtime="20190116 15:19:42.319"></status>
</kw>
<kw name="Run Keyword If" library="BuiltIn">
<doc>Runs the given keyword with the given arguments, if ``condition`` is true.</doc>
<arguments>
<arg>${ValidAddressIsFound}</arg>
<arg>Click Element</arg>
<arg>${FixAddressButton}</arg>
</arguments>
<status status="PASS" starttime="20190116 15:19:42.320" endtime="20190116 15:19:42.320"></status>
</kw>
<kw name="Run Keyword If" library="BuiltIn">
<doc>Runs the given keyword with the given arguments, if ``condition`` is true.</doc>
<arguments>
<arg>${ValidAddressIsFound}</arg>
<arg>Wait Until Element is Visible</arg>
<arg>${AddressFixHeader}</arg>
<arg>${DefaultTimeout}</arg>
</arguments>
<status status="PASS" starttime="20190116 15:19:42.320" endtime="20190116 15:19:42.320"></status>
</kw>
<kw name="Run Keyword If" library="BuiltIn">
<doc>Runs the given keyword with the given arguments, if ``condition`` is true.</doc>
<arguments>
<arg>${ValidAddressIsFound}</arg>
<arg>Click Button</arg>
<arg>${NextButton}</arg>
</arguments>
<status status="PASS" starttime="20190116 15:19:42.320" endtime="20190116 15:19:42.321"></status>
</kw>
<kw name="Run Keyword If" library="BuiltIn">
<doc>Runs the given keyword with the given arguments, if ``condition`` is true.</doc>
<arguments>
<arg>${ValidAddressIsFound}</arg>
<arg>Wait Until Element is Visible</arg>
<arg>${IsAddressCorrectCopy}</arg>
<arg>${DefaultTimeout}</arg>
</arguments>
<status status="PASS" starttime="20190116 15:19:42.321" endtime="20190116 15:19:42.321"></status>
</kw>
<kw name="Run Keyword If" library="BuiltIn">
<doc>Runs the given keyword with the given arguments, if ``condition`` is true.</doc>
<arguments>
<arg>${ValidAddressIsFound}</arg>
<arg>Click Button</arg>
<arg>${CorrectButton}</arg>
</arguments>
<status status="PASS" starttime="20190116 15:19:42.321" endtime="20190116 15:19:42.321"></status>
</kw>
<kw name="Run Keyword If" library="BuiltIn">
<doc>Runs the given keyword with the given arguments, if ``condition`` is true.</doc>
<arguments>
<arg>${ValidAddressIsFound}</arg>
<arg>Wait Until Element is Visible</arg>
<arg>${LetsStartCopy}</arg>
<arg>${DefaultTimeout}</arg>
</arguments>
<status status="PASS" starttime="20190116 15:19:42.321" endtime="20190116 15:19:42.321"></status>
</kw>
<kw name="Run Keyword And Return Status" library="BuiltIn">
<doc>Runs the given keyword with given arguments and returns the status as a Boolean value.</doc>
<arguments>
<arg>element should be visible</arg>
<arg>${CouldNotFindAddress}</arg>
</arguments>
<assign>
<var>${ValidAddressNotFound}</var>
</assign>
<kw name="Element Should Be Visible" library="SeleniumLibrary">
<doc>Verifies that the element identified by ``locator`` is visible.</doc>
<arguments>
<arg>${CouldNotFindAddress}</arg>
</arguments>
<kw name="Capture Page Screenshot" library="SeleniumLibrary">
<doc>Takes screenshot of the current page and embeds it into log file.</doc>
<msg timestamp="20190116 15:19:42.882" level="INFO" html="yes">&lt;/td&gt;&lt;/tr&gt;&lt;tr&gt;&lt;td colspan="3"&gt;&lt;a href="selenium-screenshot-8.png"&gt;&lt;img src="selenium-screenshot-8.png" width="800px"&gt;&lt;/a&gt;</msg>
<status status="PASS" starttime="20190116 15:19:42.329" endtime="20190116 15:19:42.882"></status>
</kw>
<msg timestamp="20190116 15:19:42.882" level="FAIL">Element with locator '//li[contains(.,'We could not find that address. Use the address form')]' not found.</msg>
<status status="FAIL" starttime="20190116 15:19:42.322" endtime="20190116 15:19:42.882"></status>
</kw>
<msg timestamp="20190116 15:19:42.882" level="INFO">${ValidAddressNotFound} = False</msg>
<status status="PASS" starttime="20190116 15:19:42.321" endtime="20190116 15:19:42.882"></status>
</kw>
<kw name="Run Keyword If" library="BuiltIn">
<doc>Runs the given keyword with the given arguments, if ``condition`` is true.</doc>
<arguments>
<arg>${ValidAddressNotFound}</arg>
<arg>Log to console</arg>
<arg>Address NOT found proceeding with Manual entry workflow</arg>
</arguments>
<status status="PASS" starttime="20190116 15:19:42.882" endtime="20190116 15:19:42.883"></status>
</kw>
<kw name="Run Keyword If" library="BuiltIn">
<doc>Runs the given keyword with the given arguments, if ``condition`` is true.</doc>
<arguments>
<arg>${ValidAddressNotFound}</arg>
<arg>Click Element</arg>
<arg>${AddressFormButton}</arg>
</arguments>
<status status="PASS" starttime="20190116 15:19:42.883" endtime="20190116 15:19:42.883"></status>
</kw>
<kw name="Run Keyword If" library="BuiltIn">
<doc>Runs the given keyword with the given arguments, if ``condition`` is true.</doc>
<arguments>
<arg>${ValidAddressNotFound}</arg>
<arg>Click Element</arg>
<arg>${Address1}</arg>
</arguments>
<status status="PASS" starttime="20190116 15:19:42.883" endtime="20190116 15:19:42.883"></status>
</kw>
<kw name="Run Keyword If" library="BuiltIn">
<doc>Runs the given keyword with the given arguments, if ``condition`` is true.</doc>
<arguments>
<arg>${ValidAddressNotFound}</arg>
<arg>Input Text</arg>
<arg>${Address1}</arg>
<arg>3692 Silver Brook Ln</arg>
</arguments>
<status status="PASS" starttime="20190116 15:19:42.883" endtime="20190116 15:19:42.883"></status>
</kw>
<kw name="Run Keyword If" library="BuiltIn">
<doc>Runs the given keyword with the given arguments, if ``condition`` is true.</doc>
<arguments>
<arg>${ValidAddressNotFound}</arg>
<arg>Click Element</arg>
<arg>${City}</arg>
</arguments>
<status status="PASS" starttime="20190116 15:19:42.884" endtime="20190116 15:19:42.884"></status>
</kw>
<kw name="Run Keyword If" library="BuiltIn">
<doc>Runs the given keyword with the given arguments, if ``condition`` is true.</doc>
<arguments>
<arg>${ValidAddressNotFound}</arg>
<arg>Input Text</arg>
<arg>${City}</arg>
<arg>Gainesville</arg>
</arguments>
<status status="PASS" starttime="20190116 15:19:42.884" endtime="20190116 15:19:42.884"></status>
</kw>
<kw name="Run Keyword If" library="BuiltIn">
<doc>Runs the given keyword with the given arguments, if ``condition`` is true.</doc>
<arguments>
<arg>${ValidAddressNotFound}</arg>
<arg>Click Element</arg>
<arg>${State}</arg>
</arguments>
<status status="PASS" starttime="20190116 15:19:42.884" endtime="20190116 15:19:42.884"></status>
</kw>
<kw name="Run Keyword If" library="BuiltIn">
<doc>Runs the given keyword with the given arguments, if ``condition`` is true.</doc>
<arguments>
<arg>${ValidAddressNotFound}</arg>
<arg>click element</arg>
<arg>xpath=//option[contains(text(),'GA')]</arg>
</arguments>
<status status="PASS" starttime="20190116 15:19:42.884" endtime="20190116 15:19:42.885"></status>
</kw>
<kw name="Run Keyword If" library="BuiltIn">
<doc>Runs the given keyword with the given arguments, if ``condition`` is true.</doc>
<arguments>
<arg>${ValidAddressNotFound}</arg>
<arg>Click Element</arg>
<arg>${Zip}</arg>
</arguments>
<status status="PASS" starttime="20190116 15:19:42.885" endtime="20190116 15:19:42.885"></status>
</kw>
<kw name="Run Keyword If" library="BuiltIn">
<doc>Runs the given keyword with the given arguments, if ``condition`` is true.</doc>
<arguments>
<arg>${ValidAddressNotFound}</arg>
<arg>Input Text</arg>
<arg>${Zip}</arg>
<arg>30506</arg>
</arguments>
<status status="PASS" starttime="20190116 15:19:42.885" endtime="20190116 15:19:42.885"></status>
</kw>
<kw name="Run Keyword If" library="BuiltIn">
<doc>Runs the given keyword with the given arguments, if ``condition`` is true.</doc>
<arguments>
<arg>${ValidAddressNotFound}</arg>
<arg>Click Button</arg>
<arg>${NextButton}</arg>
</arguments>
<status status="PASS" starttime="20190116 15:19:42.885" endtime="20190116 15:19:42.885"></status>
</kw>
<kw name="Run Keyword If" library="BuiltIn">
<doc>Runs the given keyword with the given arguments, if ``condition`` is true.</doc>
<arguments>
<arg>${ValidAddressNotFound}</arg>
<arg>Wait Until Element is Visible</arg>
<arg>${IsAddressCorrectCopy}</arg>
<arg>${DefaultTimeout}</arg>
</arguments>
<status status="PASS" starttime="20190116 15:19:42.886" endtime="20190116 15:19:42.886"></status>
</kw>
<kw name="Run Keyword If" library="BuiltIn">
<doc>Runs the given keyword with the given arguments, if ``condition`` is true.</doc>
<arguments>
<arg>${ValidAddressNotFound}</arg>
<arg>Click Button</arg>
<arg>${CorrectButton}</arg>
</arguments>
<status status="PASS" starttime="20190116 15:19:42.886" endtime="20190116 15:19:42.886"></status>
</kw>
<kw name="Run Keyword If" library="BuiltIn">
<doc>Runs the given keyword with the given arguments, if ``condition`` is true.</doc>
<arguments>
<arg>${ValidAddressNotFound}</arg>
<arg>Wait Until Element is Visible</arg>
<arg>${LetsStartCopy}</arg>
<arg>${DefaultTimeout}</arg>
</arguments>
<status status="PASS" starttime="20190116 15:19:42.886" endtime="20190116 15:19:42.886"></status>
</kw>
<status status="PASS" starttime="20190116 15:19:38.142" endtime="20190116 15:19:42.886"></status>
</kw>
<kw name="End Web Test" library="Common" type="teardown">
<kw name="Close Browser" library="SeleniumLibrary">
<doc>Closes the current browser.</doc>
<status status="PASS" starttime="20190116 15:19:42.887" endtime="20190116 15:19:42.966"></status>
</kw>
<status status="PASS" starttime="20190116 15:19:42.887" endtime="20190116 15:19:42.966"></status>
</kw>
<status status="PASS" starttime="20190116 15:19:36.362" endtime="20190116 15:19:42.966" critical="yes"></status>
</test>
<test id="s1-t5" name="Fill In Trade-in Form">
<kw name="Begin Web Test" library="Common" type="setup">
<kw name="Open Browser" library="SeleniumLibrary">
<doc>Opens a new browser instance to the given ``url``.</doc>
<arguments>
<arg>about:blank</arg>
<arg>${BROWSER}</arg>
</arguments>
<msg timestamp="20190116 15:19:42.967" level="INFO">Opening browser 'chrome' to base url 'about:blank'.</msg>
<status status="PASS" starttime="20190116 15:19:42.967" endtime="20190116 15:19:44.756"></status>
</kw>
<status status="PASS" starttime="20190116 15:19:42.967" endtime="20190116 15:19:44.757"></status>
</kw>
<kw name="Navigate to Page" library="Trade">
<tags>
<tag>Go to Knock url</tag>
</tags>
<kw name="Log To Console" library="BuiltIn">
<doc>Logs the given message to the console.</doc>
<arguments>
<arg>Navigating to Knock.com</arg>
</arguments>
<status status="PASS" starttime="20190116 15:19:44.758" endtime="20190116 15:19:44.758"></status>
</kw>
<kw name="Go To" library="SeleniumLibrary">
<doc>Navigates the active browser instance to the provided ``url``.</doc>
<arguments>
<arg>${KnockURL}</arg>
</arguments>
<msg timestamp="20190116 15:19:44.759" level="INFO">Opening url 'https://www.knock.com/'</msg>
<status status="PASS" starttime="20190116 15:19:44.758" endtime="20190116 15:19:45.622"></status>
</kw>
<kw name="Delete All Cookies" library="SeleniumLibrary">
<doc>Deletes all cookies.</doc>
<status status="PASS" starttime="20190116 15:19:45.622" endtime="20190116 15:19:45.833"></status>
</kw>
<kw name="Maximize Browser Window" library="SeleniumLibrary">
<doc>Maximizes current browser window.</doc>
<status status="PASS" starttime="20190116 15:19:45.833" endtime="20190116 15:19:46.157"></status>
</kw>
<kw name="Capture Page Screenshot" library="SeleniumLibrary">
<doc>Takes screenshot of the current page and embeds it into log file.</doc>
<msg timestamp="20190116 15:19:48.374" level="INFO" html="yes">&lt;/td&gt;&lt;/tr&gt;&lt;tr&gt;&lt;td colspan="3"&gt;&lt;a href="selenium-screenshot-9.png"&gt;&lt;img src="selenium-screenshot-9.png" width="800px"&gt;&lt;/a&gt;</msg>
<status status="PASS" starttime="20190116 15:19:46.157" endtime="20190116 15:19:48.374"></status>
</kw>
<status status="PASS" starttime="20190116 15:19:44.757" endtime="20190116 15:19:48.374"></status>
</kw>
<kw name="Enter Valid Address" library="Trade">
<tags>
<tag>Enter Valid Address</tag>
</tags>
<arguments>
<arg>3692 Silver Brook Ln, Gainesville, GA</arg>
</arguments>
<kw name="Set Variable" library="BuiltIn">
<doc>Returns the given values which can then be assigned to a variables.</doc>
<arguments>
<arg>${Valid}</arg>
</arguments>
<assign>
<var>${ValidAddress}</var>
</assign>
<msg timestamp="20190116 15:19:48.375" level="INFO">${ValidAddress} = 3692 Silver Brook Ln, Gainesville, GA</msg>
<status status="PASS" starttime="20190116 15:19:48.375" endtime="20190116 15:19:48.375"></status>
</kw>
<kw name="Set Variable" library="BuiltIn">
<doc>Returns the given values which can then be assigned to a variables.</doc>
<arguments>
<arg>//li[@class='_jx6g50i'][contains(.,'${ValidAddress}')]</arg>
</arguments>
<assign>
<var>${ValidSearchResult}</var>
</assign>
<msg timestamp="20190116 15:19:48.375" level="INFO">${ValidSearchResult} = //li[@class='_jx6g50i'][contains(.,'3692 Silver Brook Ln, Gainesville, GA')]</msg>
<status status="PASS" starttime="20190116 15:19:48.375" endtime="20190116 15:19:48.375"></status>
</kw>
<kw name="Log To Console" library="BuiltIn">
<doc>Logs the given message to the console.</doc>
<arguments>
<arg>Entering a Valid Address</arg>
</arguments>
<status status="PASS" starttime="20190116 15:19:48.375" endtime="20190116 15:19:48.375"></status>
</kw>
<kw name="Go To" library="SeleniumLibrary">
<doc>Navigates the active browser instance to the provided ``url``.</doc>
<arguments>
<arg>${KnockURL}</arg>
</arguments>
<msg timestamp="20190116 15:19:48.376" level="INFO">Opening url 'https://www.knock.com/'</msg>
<status status="PASS" starttime="20190116 15:19:48.376" endtime="20190116 15:19:48.712"></status>
</kw>
<kw name="Delete All Cookies" library="SeleniumLibrary">
<doc>Deletes all cookies.</doc>
<status status="PASS" starttime="20190116 15:19:48.712" endtime="20190116 15:19:48.890"></status>
</kw>
<kw name="Sleep" library="BuiltIn">
<doc>Pauses the test executed for the given time.</doc>
<arguments>
<arg>2</arg>
</arguments>
<msg timestamp="20190116 15:19:50.893" level="INFO">Slept 2 seconds</msg>
<status status="PASS" starttime="20190116 15:19:48.890" endtime="20190116 15:19:50.893"></status>
</kw>
<kw name="Click Element" library="SeleniumLibrary">
<doc>Click element identified by ``locator``.</doc>
<arguments>
<arg>${EnterAddress}</arg>
</arguments>
<msg timestamp="20190116 15:19:50.893" level="INFO">Clicking element '//input[@placeholder='Enter your home address']'.</msg>
<status status="PASS" starttime="20190116 15:19:50.893" endtime="20190116 15:19:50.957"></status>
</kw>
<kw name="Click Button" library="SeleniumLibrary">
<doc>Clicks button identified by ``locator``.</doc>
<arguments>
<arg>${GetTradeButton}</arg>
</arguments>
<msg timestamp="20190116 15:19:50.958" level="INFO">Clicking button '//button[@class='_13u5ve25']'.</msg>
<status status="PASS" starttime="20190116 15:19:50.957" endtime="20190116 15:19:51.028"></status>
</kw>
<kw name="Wait Until Element Is Visible" library="SeleniumLibrary">
<doc>Waits until element ``locator`` is visible.</doc>
<arguments>
<arg>${EnterAddress}</arg>
<arg>${DefaultTimeout}</arg>
</arguments>
<status status="PASS" starttime="20190116 15:19:51.029" endtime="20190116 15:19:51.047"></status>
</kw>
<kw name="Click Element" library="SeleniumLibrary">
<doc>Click element identified by ``locator``.</doc>
<arguments>
<arg>${EnterAddress}</arg>
</arguments>
<msg timestamp="20190116 15:19:51.048" level="INFO">Clicking element '//input[@placeholder='Enter your home address']'.</msg>
<status status="PASS" starttime="20190116 15:19:51.048" endtime="20190116 15:19:51.092"></status>
</kw>
<kw name="Input Text" library="SeleniumLibrary">
<doc>Types the given ``text`` into text field identified by ``locator``.</doc>
<arguments>
<arg>${EnterAddress}</arg>
<arg>${ValidAddress}</arg>
</arguments>
<msg timestamp="20190116 15:19:51.093" level="INFO">Typing text '3692 Silver Brook Ln, Gainesville, GA' into text field '//input[@placeholder='Enter your home address']'.</msg>
<status status="PASS" starttime="20190116 15:19:51.092" endtime="20190116 15:19:51.344"></status>
</kw>
<kw name="Run Keyword And Return Status" library="BuiltIn">
<doc>Runs the given keyword with given arguments and returns the status as a Boolean value.</doc>
<arguments>
<arg>element should not be visible</arg>
<arg>${CouldNotFindAddress}</arg>
</arguments>
<assign>
<var>${ValidAddressIsFound}</var>
</assign>
<kw name="Element Should Not Be Visible" library="SeleniumLibrary">
<doc>Verifies that the element identified by ``locator`` is NOT visible.</doc>
<arguments>
<arg>${CouldNotFindAddress}</arg>
</arguments>
<msg timestamp="20190116 15:19:51.355" level="INFO">Element '//li[contains(.,'We could not find that address. Use the address form')]' did not exist.</msg>
<status status="PASS" starttime="20190116 15:19:51.345" endtime="20190116 15:19:51.356"></status>
</kw>
<msg timestamp="20190116 15:19:51.356" level="INFO">${ValidAddressIsFound} = True</msg>
<status status="PASS" starttime="20190116 15:19:51.344" endtime="20190116 15:19:51.356"></status>
</kw>
<kw name="Run Keyword If" library="BuiltIn">
<doc>Runs the given keyword with the given arguments, if ``condition`` is true.</doc>
<arguments>
<arg>${ValidAddressIsFound}</arg>
<arg>Log to console</arg>
<arg>Address found proceeding with workflow</arg>
</arguments>
<kw name="Log To Console" library="BuiltIn">
<doc>Logs the given message to the console.</doc>
<arguments>
<arg>Address found proceeding with workflow</arg>
</arguments>
<status status="PASS" starttime="20190116 15:19:51.356" endtime="20190116 15:19:51.356"></status>
</kw>
<status status="PASS" starttime="20190116 15:19:51.356" endtime="20190116 15:19:51.356"></status>
</kw>
<kw name="Run Keyword If" library="BuiltIn">
<doc>Runs the given keyword with the given arguments, if ``condition`` is true.</doc>
<arguments>
<arg>${ValidAddressIsFound}</arg>
<arg>Wait Until Element is Visible</arg>
<arg>${ValidSearchResult}</arg>
<arg>${DefaultTimeout}</arg>
</arguments>
<kw name="Wait Until Element Is Visible" library="SeleniumLibrary">
<doc>Waits until element ``locator`` is visible.</doc>
<arguments>
<arg>${ValidSearchResult}</arg>
<arg>${DefaultTimeout}</arg>
</arguments>
<status status="PASS" starttime="20190116 15:19:51.357" endtime="20190116 15:19:51.591"></status>
</kw>
<status status="PASS" starttime="20190116 15:19:51.357" endtime="20190116 15:19:51.591"></status>
</kw>
<kw name="Run Keyword If" library="BuiltIn">
<doc>Runs the given keyword with the given arguments, if ``condition`` is true.</doc>
<arguments>
<arg>${ValidAddressIsFound}</arg>
<arg>Click Element</arg>
<arg>${ValidSearchResult}</arg>
</arguments>
<kw name="Click Element" library="SeleniumLibrary">
<doc>Click element identified by ``locator``.</doc>
<arguments>
<arg>${ValidSearchResult}</arg>
</arguments>
<msg timestamp="20190116 15:19:51.592" level="INFO">Clicking element '//li[@class='_jx6g50i'][contains(.,'3692 Silver Brook Ln, Gainesville, GA')]'.</msg>
<status status="PASS" starttime="20190116 15:19:51.592" endtime="20190116 15:19:51.712"></status>
</kw>
<status status="PASS" starttime="20190116 15:19:51.592" endtime="20190116 15:19:51.713"></status>
</kw>
<kw name="Run Keyword If" library="BuiltIn">
<doc>Runs the given keyword with the given arguments, if ``condition`` is true.</doc>
<arguments>
<arg>${ValidAddressIsFound}</arg>
<arg>Wait Until Element is Visible</arg>
<arg>${IsAddressCorrectCopy}</arg>
<arg>${DefaultTimeout}</arg>
</arguments>
<kw name="Wait Until Element Is Visible" library="SeleniumLibrary">
<doc>Waits until element ``locator`` is visible.</doc>
<arguments>
<arg>${IsAddressCorrectCopy}</arg>
<arg>${DefaultTimeout}</arg>
</arguments>
<status status="PASS" starttime="20190116 15:19:51.713" endtime="20190116 15:19:53.505"></status>
</kw>
<status status="PASS" starttime="20190116 15:19:51.713" endtime="20190116 15:19:53.505"></status>
</kw>
<kw name="Run Keyword If" library="BuiltIn">
<doc>Runs the given keyword with the given arguments, if ``condition`` is true.</doc>
<arguments>
<arg>${ValidAddressIsFound}</arg>
<arg>Wait Until Element is Visible</arg>
<arg>${EmptyProgressBar}</arg>
</arguments>
<kw name="Wait Until Element Is Visible" library="SeleniumLibrary">
<doc>Waits until element ``locator`` is visible.</doc>
<arguments>
<arg>${EmptyProgressBar}</arg>
</arguments>
<status status="PASS" starttime="20190116 15:19:53.506" endtime="20190116 15:19:53.528"></status>
</kw>
<status status="PASS" starttime="20190116 15:19:53.505" endtime="20190116 15:19:53.528"></status>
</kw>
<kw name="Run Keyword If" library="BuiltIn">
<doc>Runs the given keyword with the given arguments, if ``condition`` is true.</doc>
<arguments>
<arg>${ValidAddressIsFound}</arg>
<arg>Click Element</arg>
<arg>${FixAddressButton}</arg>
</arguments>
<kw name="Click Element" library="SeleniumLibrary">
<doc>Click element identified by ``locator``.</doc>
<arguments>
<arg>${FixAddressButton}</arg>
</arguments>
<msg timestamp="20190116 15:19:53.529" level="INFO">Clicking element '//a[@class='_12wqpluh'][contains(.,'Add Unit # or Fix Address')]'.</msg>
<status status="PASS" starttime="20190116 15:19:53.529" endtime="20190116 15:19:53.618"></status>
</kw>
<status status="PASS" starttime="20190116 15:19:53.528" endtime="20190116 15:19:53.618"></status>
</kw>
<kw name="Run Keyword If" library="BuiltIn">
<doc>Runs the given keyword with the given arguments, if ``condition`` is true.</doc>
<arguments>
<arg>${ValidAddressIsFound}</arg>
<arg>Wait Until Element is Visible</arg>
<arg>${AddressFixHeader}</arg>
<arg>${DefaultTimeout}</arg>
</arguments>
<kw name="Wait Until Element Is Visible" library="SeleniumLibrary">
<doc>Waits until element ``locator`` is visible.</doc>
<arguments>
<arg>${AddressFixHeader}</arg>
<arg>${DefaultTimeout}</arg>
</arguments>
<status status="PASS" starttime="20190116 15:19:53.618" endtime="20190116 15:19:53.647"></status>
</kw>
<status status="PASS" starttime="20190116 15:19:53.618" endtime="20190116 15:19:53.647"></status>
</kw>
<kw name="Run Keyword If" library="BuiltIn">
<doc>Runs the given keyword with the given arguments, if ``condition`` is true.</doc>
<arguments>
<arg>${ValidAddressIsFound}</arg>
<arg>Click Button</arg>
<arg>${NextButton}</arg>
</arguments>
<kw name="Click Button" library="SeleniumLibrary">
<doc>Clicks button identified by ``locator``.</doc>
<arguments>
<arg>${NextButton}</arg>
</arguments>
<msg timestamp="20190116 15:19:53.648" level="INFO">Clicking button '//button[@type='button'][contains(.,'Next')]'.</msg>
<status status="PASS" starttime="20190116 15:19:53.648" endtime="20190116 15:19:53.758"></status>
</kw>
<status status="PASS" starttime="20190116 15:19:53.648" endtime="20190116 15:19:53.758"></status>
</kw>
<kw name="Run Keyword If" library="BuiltIn">
<doc>Runs the given keyword with the given arguments, if ``condition`` is true.</doc>
<arguments>
<arg>${ValidAddressIsFound}</arg>
<arg>Wait Until Element is Visible</arg>
<arg>${IsAddressCorrectCopy}</arg>
<arg>${DefaultTimeout}</arg>
</arguments>
<kw name="Wait Until Element Is Visible" library="SeleniumLibrary">
<doc>Waits until element ``locator`` is visible.</doc>
<arguments>
<arg>${IsAddressCorrectCopy}</arg>
<arg>${DefaultTimeout}</arg>
</arguments>
<status status="PASS" starttime="20190116 15:19:53.759" endtime="20190116 15:19:55.260"></status>
</kw>
<status status="PASS" starttime="20190116 15:19:53.758" endtime="20190116 15:19:55.260"></status>
</kw>
<kw name="Run Keyword If" library="BuiltIn">
<doc>Runs the given keyword with the given arguments, if ``condition`` is true.</doc>
<arguments>
<arg>${ValidAddressIsFound}</arg>
<arg>Click Button</arg>
<arg>${CorrectButton}</arg>
</arguments>
<kw name="Click Button" library="SeleniumLibrary">
<doc>Clicks button identified by ``locator``.</doc>
<arguments>
<arg>${CorrectButton}</arg>
</arguments>
<msg timestamp="20190116 15:19:55.261" level="INFO">Clicking button '//button[@type='button'][contains(.,'Correct')]'.</msg>
<status status="PASS" starttime="20190116 15:19:55.261" endtime="20190116 15:19:55.390"></status>
</kw>
<status status="PASS" starttime="20190116 15:19:55.261" endtime="20190116 15:19:55.390"></status>
</kw>
<kw name="Run Keyword If" library="BuiltIn">
<doc>Runs the given keyword with the given arguments, if ``condition`` is true.</doc>
<arguments>
<arg>${ValidAddressIsFound}</arg>
<arg>Wait Until Element is Visible</arg>
<arg>${LetsStartCopy}</arg>
<arg>${DefaultTimeout}</arg>
</arguments>
<kw name="Wait Until Element Is Visible" library="SeleniumLibrary">
<doc>Waits until element ``locator`` is visible.</doc>
<arguments>
<arg>${LetsStartCopy}</arg>
<arg>${DefaultTimeout}</arg>
</arguments>
<status status="PASS" starttime="20190116 15:19:55.391" endtime="20190116 15:19:55.423"></status>
</kw>
<status status="PASS" starttime="20190116 15:19:55.390" endtime="20190116 15:19:55.423"></status>
</kw>
<kw name="Run Keyword And Return Status" library="BuiltIn">
<doc>Runs the given keyword with given arguments and returns the status as a Boolean value.</doc>
<arguments>
<arg>element should be visible</arg>
<arg>${CouldNotFindAddress}</arg>
</arguments>
<assign>
<var>${ValidAddressNotFound}</var>
</assign>
<kw name="Element Should Be Visible" library="SeleniumLibrary">
<doc>Verifies that the element identified by ``locator`` is visible.</doc>
<arguments>
<arg>${CouldNotFindAddress}</arg>
</arguments>
<kw name="Capture Page Screenshot" library="SeleniumLibrary">
<doc>Takes screenshot of the current page and embeds it into log file.</doc>
<msg timestamp="20190116 15:19:55.890" level="INFO" html="yes">&lt;/td&gt;&lt;/tr&gt;&lt;tr&gt;&lt;td colspan="3"&gt;&lt;a href="selenium-screenshot-10.png"&gt;&lt;img src="selenium-screenshot-10.png" width="800px"&gt;&lt;/a&gt;</msg>
<status status="PASS" starttime="20190116 15:19:55.430" endtime="20190116 15:19:55.890"></status>
</kw>
<msg timestamp="20190116 15:19:55.890" level="FAIL">Element with locator '//li[contains(.,'We could not find that address. Use the address form')]' not found.</msg>
<status status="FAIL" starttime="20190116 15:19:55.424" endtime="20190116 15:19:55.890"></status>
</kw>
<msg timestamp="20190116 15:19:55.890" level="INFO">${ValidAddressNotFound} = False</msg>
<status status="PASS" starttime="20190116 15:19:55.423" endtime="20190116 15:19:55.890"></status>
</kw>
<kw name="Run Keyword If" library="BuiltIn">
<doc>Runs the given keyword with the given arguments, if ``condition`` is true.</doc>
<arguments>
<arg>${ValidAddressNotFound}</arg>
<arg>Log to console</arg>
<arg>Address NOT found proceeding with Manual entry workflow</arg>
</arguments>
<status status="PASS" starttime="20190116 15:19:55.890" endtime="20190116 15:19:55.891"></status>
</kw>
<kw name="Run Keyword If" library="BuiltIn">
<doc>Runs the given keyword with the given arguments, if ``condition`` is true.</doc>
<arguments>
<arg>${ValidAddressNotFound}</arg>
<arg>Click Element</arg>
<arg>${AddressFormButton}</arg>
</arguments>
<status status="PASS" starttime="20190116 15:19:55.891" endtime="20190116 15:19:55.891"></status>
</kw>
<kw name="Run Keyword If" library="BuiltIn">
<doc>Runs the given keyword with the given arguments, if ``condition`` is true.</doc>
<arguments>
<arg>${ValidAddressNotFound}</arg>
<arg>Click Element</arg>
<arg>${Address1}</arg>
</arguments>
<status status="PASS" starttime="20190116 15:19:55.891" endtime="20190116 15:19:55.891"></status>
</kw>
<kw name="Run Keyword If" library="BuiltIn">
<doc>Runs the given keyword with the given arguments, if ``condition`` is true.</doc>
<arguments>
<arg>${ValidAddressNotFound}</arg>
<arg>Input Text</arg>
<arg>${Address1}</arg>
<arg>3692 Silver Brook Ln</arg>
</arguments>
<status status="PASS" starttime="20190116 15:19:55.891" endtime="20190116 15:19:55.892"></status>
</kw>
<kw name="Run Keyword If" library="BuiltIn">
<doc>Runs the given keyword with the given arguments, if ``condition`` is true.</doc>
<arguments>
<arg>${ValidAddressNotFound}</arg>
<arg>Click Element</arg>
<arg>${City}</arg>
</arguments>
<status status="PASS" starttime="20190116 15:19:55.892" endtime="20190116 15:19:55.892"></status>
</kw>
<kw name="Run Keyword If" library="BuiltIn">
<doc>Runs the given keyword with the given arguments, if ``condition`` is true.</doc>
<arguments>
<arg>${ValidAddressNotFound}</arg>
<arg>Input Text</arg>
<arg>${City}</arg>
<arg>Gainesville</arg>
</arguments>
<status status="PASS" starttime="20190116 15:19:55.892" endtime="20190116 15:19:55.892"></status>
</kw>
<kw name="Run Keyword If" library="BuiltIn">
<doc>Runs the given keyword with the given arguments, if ``condition`` is true.</doc>
<arguments>
<arg>${ValidAddressNotFound}</arg>
<arg>Click Element</arg>
<arg>${State}</arg>
</arguments>
<status status="PASS" starttime="20190116 15:19:55.892" endtime="20190116 15:19:55.892"></status>
</kw>
<kw name="Run Keyword If" library="BuiltIn">
<doc>Runs the given keyword with the given arguments, if ``condition`` is true.</doc>
<arguments>
<arg>${ValidAddressNotFound}</arg>
<arg>click element</arg>
<arg>xpath=//option[contains(text(),'GA')]</arg>
</arguments>
<status status="PASS" starttime="20190116 15:19:55.893" endtime="20190116 15:19:55.893"></status>
</kw>
<kw name="Run Keyword If" library="BuiltIn">
<doc>Runs the given keyword with the given arguments, if ``condition`` is true.</doc>
<arguments>
<arg>${ValidAddressNotFound}</arg>
<arg>Click Element</arg>
<arg>${Zip}</arg>
</arguments>
<status status="PASS" starttime="20190116 15:19:55.893" endtime="20190116 15:19:55.893"></status>
</kw>
<kw name="Run Keyword If" library="BuiltIn">
<doc>Runs the given keyword with the given arguments, if ``condition`` is true.</doc>
<arguments>
<arg>${ValidAddressNotFound}</arg>
<arg>Input Text</arg>
<arg>${Zip}</arg>
<arg>30506</arg>
</arguments>
<status status="PASS" starttime="20190116 15:19:55.893" endtime="20190116 15:19:55.893"></status>
</kw>
<kw name="Run Keyword If" library="BuiltIn">
<doc>Runs the given keyword with the given arguments, if ``condition`` is true.</doc>
<arguments>
<arg>${ValidAddressNotFound}</arg>
<arg>Click Button</arg>
<arg>${NextButton}</arg>
</arguments>
<status status="PASS" starttime="20190116 15:19:55.893" endtime="20190116 15:19:55.894"></status>
</kw>
<kw name="Run Keyword If" library="BuiltIn">
<doc>Runs the given keyword with the given arguments, if ``condition`` is true.</doc>
<arguments>
<arg>${ValidAddressNotFound}</arg>
<arg>Wait Until Element is Visible</arg>
<arg>${IsAddressCorrectCopy}</arg>
<arg>${DefaultTimeout}</arg>
</arguments>
<status status="PASS" starttime="20190116 15:19:55.894" endtime="20190116 15:19:55.894"></status>
</kw>
<kw name="Run Keyword If" library="BuiltIn">
<doc>Runs the given keyword with the given arguments, if ``condition`` is true.</doc>
<arguments>
<arg>${ValidAddressNotFound}</arg>
<arg>Click Button</arg>
<arg>${CorrectButton}</arg>
</arguments>
<status status="PASS" starttime="20190116 15:19:55.894" endtime="20190116 15:19:55.894"></status>
</kw>
<kw name="Run Keyword If" library="BuiltIn">
<doc>Runs the given keyword with the given arguments, if ``condition`` is true.</doc>
<arguments>
<arg>${ValidAddressNotFound}</arg>
<arg>Wait Until Element is Visible</arg>
<arg>${LetsStartCopy}</arg>
<arg>${DefaultTimeout}</arg>
</arguments>
<status status="PASS" starttime="20190116 15:19:55.894" endtime="20190116 15:19:55.895"></status>
</kw>
<status status="PASS" starttime="20190116 15:19:48.374" endtime="20190116 15:19:55.895"></status>
</kw>
<kw name="Basic Facts" library="Trade">
<tags>
<tag>Basic Facts</tag>
</tags>
<arguments>
<arg>1996</arg>
<arg>1500</arg>
</arguments>
<kw name="Set Variable" library="BuiltIn">
<doc>Returns the given values which can then be assigned to a variables.</doc>
<arguments>
<arg>${Year}</arg>
</arguments>
<assign>
<var>${YearB}</var>
</assign>
<msg timestamp="20190116 15:19:55.896" level="INFO">${YearB} = 1996</msg>
<status status="PASS" starttime="20190116 15:19:55.895" endtime="20190116 15:19:55.896"></status>
</kw>
<kw name="Set Variable" library="BuiltIn">
<doc>Returns the given values which can then be assigned to a variables.</doc>
<arguments>
<arg>${SqFoot}</arg>
</arguments>
<assign>
<var>${SqFootage}</var>
</assign>
<msg timestamp="20190116 15:19:55.896" level="INFO">${SqFootage} = 1500</msg>
<status status="PASS" starttime="20190116 15:19:55.896" endtime="20190116 15:19:55.896"></status>
</kw>
<kw name="Log To Console" library="BuiltIn">
<doc>Logs the given message to the console.</doc>
<arguments>
<arg>Selecting Basic Facts</arg>
</arguments>
<status status="PASS" starttime="20190116 15:19:55.896" endtime="20190116 15:19:55.896"></status>
</kw>
<kw name="Element Should Be Visible" library="SeleniumLibrary">
<doc>Verifies that the element identified by ``locator`` is visible.</doc>
<arguments>
<arg>${8%Progress}</arg>
</arguments>
<msg timestamp="20190116 15:19:55.918" level="INFO">Element '//div[contains(@style,'width: 8%;')]' is displayed.</msg>
<status status="PASS" starttime="20190116 15:19:55.896" endtime="20190116 15:19:55.918"></status>
</kw>
<kw name="Click Button" library="SeleniumLibrary">
<doc>Clicks button identified by ``locator``.</doc>
<arguments>
<arg>${AddBedrooms}</arg>
</arguments>
<msg timestamp="20190116 15:19:55.919" level="INFO">Clicking button '(//button[contains(@class,'_133gcyr1')])[1]'.</msg>
<status status="PASS" starttime="20190116 15:19:55.918" endtime="20190116 15:19:55.995"></status>
</kw>
<kw name="Click Button" library="SeleniumLibrary">
<doc>Clicks button identified by ``locator``.</doc>
<arguments>
<arg>${AddFullBathrooms}</arg>
</arguments>
<msg timestamp="20190116 15:19:55.995" level="INFO">Clicking button '(//button[contains(@class,'_133gcyr1')])[2]'.</msg>
<status status="PASS" starttime="20190116 15:19:55.995" endtime="20190116 15:19:56.064"></status>
</kw>
<kw name="Click Button" library="SeleniumLibrary">
<doc>Clicks button identified by ``locator``.</doc>
<arguments>
<arg>${AddHalfBathrooms}</arg>
</arguments>
<msg timestamp="20190116 15:19:56.064" level="INFO">Clicking button '(//button[contains(@class,'_133gcyr1')])[3]'.</msg>
<status status="PASS" starttime="20190116 15:19:56.064" endtime="20190116 15:19:56.131"></status>
</kw>
<kw name="Click Element" library="SeleniumLibrary">
<doc>Click element identified by ``locator``.</doc>
<arguments>
<arg>${YearBuild}</arg>
</arguments>
<msg timestamp="20190116 15:19:56.131" level="INFO">Clicking element '(//input[contains(@type,'tel')])[1]'.</msg>
<status status="PASS" starttime="20190116 15:19:56.131" endtime="20190116 15:19:56.203"></status>
</kw>
<kw name="Input Text" library="SeleniumLibrary">
<doc>Types the given ``text`` into text field identified by ``locator``.</doc>
<arguments>
<arg>${YearBuild}</arg>
<arg>${YearB}</arg>
</arguments>
<msg timestamp="20190116 15:19:56.204" level="INFO">Typing text '1996' into text field '(//input[contains(@type,'tel')])[1]'.</msg>
<status status="PASS" starttime="20190116 15:19:56.204" endtime="20190116 15:19:56.309"></status>
</kw>
<kw name="Click Element" library="SeleniumLibrary">
<doc>Click element identified by ``locator``.</doc>
<arguments>
<arg>${SqFt}</arg>
</arguments>
<msg timestamp="20190116 15:19:56.310" level="INFO">Clicking element '(//input[contains(@type,'tel')])[2]'.</msg>
<status status="PASS" starttime="20190116 15:19:56.309" endtime="20190116 15:19:56.366"></status>
</kw>
<kw name="Input Text" library="SeleniumLibrary">
<doc>Types the given ``text`` into text field identified by ``locator``.</doc>
<arguments>
<arg>${SqFt}</arg>
<arg>${YearB}</arg>
</arguments>
<msg timestamp="20190116 15:19:56.367" level="INFO">Typing text '1996' into text field '(//input[contains(@type,'tel')])[2]'.</msg>
<status status="PASS" starttime="20190116 15:19:56.366" endtime="20190116 15:19:56.468"></status>
</kw>
<kw name="Click Element" library="SeleniumLibrary">
<doc>Click element identified by ``locator``.</doc>
<arguments>
<arg>${HomeType}</arg>
</arguments>
<msg timestamp="20190116 15:19:56.468" level="INFO">Clicking element '//div[contains(@class,'_t2qorhv')]'.</msg>
<status status="PASS" starttime="20190116 15:19:56.468" endtime="20190116 15:19:56.540"></status>
</kw>
<kw name="Wait Until Element Is Visible" library="SeleniumLibrary">
<doc>Waits until element ``locator`` is visible.</doc>
<arguments>
<arg>${HomeTypeSingleFam}</arg>
<arg>${DefaultTimeout}</arg>
</arguments>
<status status="PASS" starttime="20190116 15:19:56.540" endtime="20190116 15:19:56.566"></status>
</kw>
<kw name="Sleep" library="BuiltIn">
<doc>Pauses the test executed for the given time.</doc>
<arguments>
<arg>1</arg>
</arguments>
<msg timestamp="20190116 15:19:57.567" level="INFO">Slept 1 second</msg>
<status status="PASS" starttime="20190116 15:19:56.566" endtime="20190116 15:19:57.567"></status>
</kw>
<kw name="Click Element" library="SeleniumLibrary">
<doc>Click element identified by ``locator``.</doc>
<arguments>
<arg>${HomeTypeSingleFam}</arg>
</arguments>
<msg timestamp="20190116 15:19:57.568" level="INFO">Clicking element '(//div[contains(.,'Single Family')])[10]'.</msg>
<status status="PASS" starttime="20190116 15:19:57.567" endtime="20190116 15:19:57.627"></status>
</kw>
<kw name="Wait Until Element Is Visible" library="SeleniumLibrary">
<doc>Waits until element ``locator`` is visible.</doc>
<arguments>
<arg>${NextButton}</arg>
<arg>${DefaultTimeout}</arg>
</arguments>
<status status="PASS" starttime="20190116 15:19:57.627" endtime="20190116 15:19:57.647"></status>
</kw>
<kw name="Click Button" library="SeleniumLibrary">
<doc>Clicks button identified by ``locator``.</doc>
<arguments>
<arg>${NextButton}</arg>
</arguments>
<msg timestamp="20190116 15:19:57.647" level="INFO">Clicking button '//button[@type='button'][contains(.,'Next')]'.</msg>
<status status="PASS" starttime="20190116 15:19:57.647" endtime="20190116 15:19:57.773"></status>
</kw>
<status status="PASS" starttime="20190116 15:19:55.895" endtime="20190116 15:19:57.773"></status>
</kw>
<kw name="Does Home Have Any" library="Trade">
<tags>
<tag>Does Home Have Any Upgrades</tag>
</tags>
<kw name="Log To Console" library="BuiltIn">
<doc>Logs the given message to the console.</doc>
<arguments>
<arg>Selecting Upgrade Options</arg>
</arguments>
<status status="PASS" starttime="20190116 15:19:57.774" endtime="20190116 15:19:57.774"></status>
</kw>
<kw name="Wait Until Element Is Visible" library="SeleniumLibrary">
<doc>Waits until element ``locator`` is visible.</doc>
[...]
</kw>
<kw name="Have you Found" library="Trade">
<tags>
<tag>Have you found your House</tag>
</tags>
<kw name="Log To Console" library="BuiltIn">
<doc>Logs the given message to the console.</doc>
<arguments>
<arg>Have you found a new house</arg>
</arguments>
<status status="PASS" starttime="20190116 15:20:07.181" endtime="20190116 15:20:07.181"></status>
</kw>
<kw name="Wait Until Element Is Visible" library="SeleniumLibrary">
<doc>Waits until element ``locator`` is visible.</doc>
<arguments>
<arg>${HaveYouFoundHeader}</arg>
<arg>${DefaultTimeout}</arg>
</arguments>
<status status="PASS" starttime="20190116 15:20:07.181" endtime="20190116 15:20:07.194"></status>
</kw>
<kw name="Element Should Be Visible" library="SeleniumLibrary">
<doc>Verifies that the element identified by ``locator`` is visible.</doc>
<arguments>
<arg>${76%Progress}</arg>
</arguments>
<msg timestamp="20190116 15:20:07.212" level="INFO">Element '//div[contains(@style,'width: 76%;')]' is displayed.</msg>
<status status="PASS" starttime="20190116 15:20:07.194" endtime="20190116 15:20:07.212"></status>
</kw>
<kw name="Click Button" library="SeleniumLibrary">
<doc>Clicks button identified by ``locator``.</doc>
<arguments>
<arg>${YesButton}</arg>
</arguments>
<msg timestamp="20190116 15:20:07.213" level="INFO">Clicking button '//button[@type='button'][contains(.,'Yes')]'.</msg>
<status status="PASS" starttime="20190116 15:20:07.212" endtime="20190116 15:20:07.381"></status>
</kw>
<kw name="Wait Until Element Is Visible" library="SeleniumLibrary">
<doc>Waits until element ``locator`` is visible.</doc>
<arguments>
<arg>${WorkingWithAnotherAgent}</arg>
<arg>${DefaultTimeout}</arg>
</arguments>
<status status="PASS" starttime="20190116 15:20:07.381" endtime="20190116 15:20:07.401"></status>
</kw>
<kw name="Click Button" library="SeleniumLibrary">
<doc>Clicks button identified by ``locator``.</doc>
<arguments>
<arg>${BackButton}</arg>
</arguments>
<msg timestamp="20190116 15:20:07.402" level="INFO">Clicking button '//button[@type='button'][contains(.,'Back')]'.</msg>
<status status="PASS" starttime="20190116 15:20:07.402" endtime="20190116 15:20:07.504"></status>
</kw>
<kw name="Wait Until Element Is Visible" library="SeleniumLibrary">
<doc>Waits until element ``locator`` is visible.</doc>
<arguments>
<arg>${HaveYouFoundHeader}</arg>
<arg>${DefaultTimeout}</arg>
</arguments>
<status status="PASS" starttime="20190116 15:20:07.504" endtime="20190116 15:20:07.568"></status>
</kw>
<kw name="Click Button" library="SeleniumLibrary">
<doc>Clicks button identified by ``locator``.</doc>
<arguments>
<arg>${NoButton}</arg>
</arguments>
<msg timestamp="20190116 15:20:07.569" level="INFO">Clicking button '//button[@type='button'][contains(.,'No')]'.</msg>
<status status="PASS" starttime="20190116 15:20:07.569" endtime="20190116 15:20:07.758"></status>
</kw>
<kw name="Wait Until Element Is Visible" library="SeleniumLibrary">
<doc>Waits until element ``locator`` is visible.</doc>
<arguments>
<arg>${WorkingWithAnotherAgent}</arg>
<arg>${DefaultTimeout}</arg>
</arguments>
<status status="PASS" starttime="20190116 15:20:07.758" endtime="20190116 15:20:07.773"></status>
</kw>
<kw name="Click Button" library="SeleniumLibrary">
<doc>Clicks button identified by ``locator``.</doc>
<arguments>
<arg>${BackButton}</arg>
</arguments>
<msg timestamp="20190116 15:20:07.773" level="INFO">Clicking button '//button[@type='button'][contains(.,'Back')]'.</msg>
<status status="PASS" starttime="20190116 15:20:07.773" endtime="20190116 15:20:07.888"></status>
</kw>
<kw name="Click Button" library="SeleniumLibrary">
<doc>Clicks button identified by ``locator``.</doc>
<arguments>
<arg>${YesButton}</arg>
</arguments>
<msg timestamp="20190116 15:20:07.888" level="INFO">Clicking button '//button[@type='button'][contains(.,'Yes')]'.</msg>
<status status="PASS" starttime="20190116 15:20:07.888" endtime="20190116 15:20:08.121"></status>
</kw>
<status status="PASS" starttime="20190116 15:20:07.180" endtime="20190116 15:20:08.121"></status>
</kw>
<kw name="Working with another Agent?" library="Trade">
<tags>
<tag>Working with another Agent Question</tag>
</tags>
<kw name="Log To Console" library="BuiltIn">
<doc>Logs the given message to the console.</doc>
<arguments>
<arg>Are you working with another Agent</arg>
</arguments>
<status status="PASS" starttime="20190116 15:20:08.122" endtime="20190116 15:20:08.122"></status>
</kw>
<kw name="Wait Until Element Is Visible" library="SeleniumLibrary">
<doc>Waits until element ``locator`` is visible.</doc>
<arguments>
<arg>${WorkingWithAnotherAgent}</arg>
<arg>${DefaultTimeout}</arg>
</arguments>
<status status="PASS" starttime="20190116 15:20:08.122" endtime="20190116 15:20:08.137"></status>
</kw>
<kw name="Element Should Be Visible" library="SeleniumLibrary">
<doc>Verifies that the element identified by ``locator`` is visible.</doc>
<arguments>
<arg>${80%Progress}</arg>
</arguments>
<msg timestamp="20190116 15:20:08.154" level="INFO">Element '//div[contains(@style,'width: 80%;')]' is displayed.</msg>
<status status="PASS" starttime="20190116 15:20:08.138" endtime="20190116 15:20:08.154"></status>
</kw>
<kw name="Click Button" library="SeleniumLibrary">
<doc>Clicks button identified by ``locator``.</doc>
<arguments>
<arg>${YesButton}</arg>
</arguments>
<msg timestamp="20190116 15:20:08.154" level="INFO">Clicking button '//button[@type='button'][contains(.,'Yes')]'.</msg>
<status status="PASS" starttime="20190116 15:20:08.154" endtime="20190116 15:20:08.318"></status>
</kw>
<kw name="Wait Until Element Is Visible" library="SeleniumLibrary">
<doc>Waits until element ``locator`` is visible.</doc>
<arguments>
<arg>${HowDidYouHearHeader}</arg>
<arg>${DefaultTimeout}</arg>
</arguments>
<status status="PASS" starttime="20190116 15:20:08.318" endtime="20190116 15:20:08.338"></status>
</kw>
<kw name="Click Button" library="SeleniumLibrary">
<doc>Clicks button identified by ``locator``.</doc>
<arguments>
<arg>${BackButton}</arg>
</arguments>
<msg timestamp="20190116 15:20:08.339" level="INFO">Clicking button '//button[@type='button'][contains(.,'Back')]'.</msg>
<status status="PASS" starttime="20190116 15:20:08.338" endtime="20190116 15:20:08.455"></status>
</kw>
<kw name="Wait Until Element Is Visible" library="SeleniumLibrary">
<doc>Waits until element ``locator`` is visible.</doc>
<arguments>
<arg>${WorkingWithAnotherAgent}</arg>
<arg>${DefaultTimeout}</arg>
</arguments>
<status status="PASS" starttime="20190116 15:20:08.455" endtime="20190116 15:20:08.524"></status>
</kw>
<kw name="Click Button" library="SeleniumLibrary">
<doc>Clicks button identified by ``locator``.</doc>
<arguments>
<arg>${NoButton}</arg>
</arguments>
<msg timestamp="20190116 15:20:08.525" level="INFO">Clicking button '//button[@type='button'][contains(.,'No')]'.</msg>
<status status="PASS" starttime="20190116 15:20:08.525" endtime="20190116 15:20:08.734"></status>
</kw>
<kw name="Wait Until Element Is Visible" library="SeleniumLibrary">
<doc>Waits until element ``locator`` is visible.</doc>
<arguments>
<arg>${HowDidYouHearHeader}</arg>
<arg>${DefaultTimeout}</arg>
</arguments>
<status status="PASS" starttime="20190116 15:20:08.734" endtime="20190116 15:20:08.755"></status>
</kw>
<status status="PASS" starttime="20190116 15:20:08.121" endtime="20190116 15:20:08.756"></status>
</kw>
<kw name="How did you hear" library="Trade">
<tags>
<tag>How did you hear</tag>
</tags>
<kw name="Log To Console" library="BuiltIn">
<doc>Logs the given message to the console.</doc>
<arguments>
<arg>How did you hear about Knock</arg>
</arguments>
<status status="PASS" starttime="20190116 15:20:08.756" endtime="20190116 15:20:08.756"></status>
</kw>
<kw name="Wait Until Element Is Visible" library="SeleniumLibrary">
<doc>Waits until element ``locator`` is visible.</doc>
<arguments>
<arg>${HowDidYouHearHeader}</arg>
<arg>${DefaultTimeout}</arg>
</arguments>
<status status="PASS" starttime="20190116 15:20:08.756" endtime="20190116 15:20:08.769"></status>
</kw>
<kw name="Element Should Be Visible" library="SeleniumLibrary">
<doc>Verifies that the element identified by ``locator`` is visible.</doc>
<arguments>
<arg>${84%Progress}</arg>
</arguments>
<msg timestamp="20190116 15:20:08.790" level="INFO">Element '//div[contains(@style,'width: 84%;')]' is displayed.</msg>
<status status="PASS" starttime="20190116 15:20:08.769" endtime="20190116 15:20:08.790"></status>
</kw>
<kw name="Click Button" library="SeleniumLibrary">
<doc>Clicks button identified by ``locator``.</doc>
<arguments>
<arg>${TVSegmentBtn}</arg>
</arguments>
<msg timestamp="20190116 15:20:08.791" level="INFO">Clicking button '//button[@type='button'][contains(.,'TV Segment')]'.</msg>
<status status="PASS" starttime="20190116 15:20:08.790" endtime="20190116 15:20:09.006"></status>
</kw>
<kw name="Wait Until Element Is Visible" library="SeleniumLibrary">
<doc>Waits until element ``locator`` is visible.</doc>
<arguments>
<arg>${EnterNameHeader}</arg>
<arg>${DefaultTimeout}</arg>
</arguments>
<status status="PASS" starttime="20190116 15:20:09.007" endtime="20190116 15:20:09.035"></status>
</kw>
<status status="PASS" starttime="20190116 15:20:08.756" endtime="20190116 15:20:09.035"></status>
</kw>
<kw name="Enter Name" library="Trade">
<tags>
<tag>Enter a Name</tag>
</tags>
<arguments>
<arg>Tom</arg>
<arg>Jones</arg>
</arguments>
<kw name="Set Variable" library="BuiltIn">
<doc>Returns the given values which can then be assigned to a variables.</doc>
<arguments>
<arg>${First}</arg>
</arguments>
<assign>
<var>${FirstName}</var>
</assign>
<msg timestamp="20190116 15:20:09.036" level="INFO">${FirstName} = Tom</msg>
<status status="PASS" starttime="20190116 15:20:09.036" endtime="20190116 15:20:09.036"></status>
</kw>
<kw name="Set Variable" library="BuiltIn">
<doc>Returns the given values which can then be assigned to a variables.</doc>
<arguments>
<arg>${Last}</arg>
</arguments>
<assign>
<var>${LastName}</var>
</assign>
<msg timestamp="20190116 15:20:09.036" level="INFO">${LastName} = Jones</msg>
<status status="PASS" starttime="20190116 15:20:09.036" endtime="20190116 15:20:09.036"></status>
</kw>
<kw name="Log To Console" library="BuiltIn">
<doc>Logs the given message to the console.</doc>
<arguments>
<arg>First and Last Name Entry</arg>
</arguments>
<status status="PASS" starttime="20190116 15:20:09.037" endtime="20190116 15:20:09.037"></status>
</kw>
<kw name="Wait Until Element Is Visible" library="SeleniumLibrary">
<doc>Waits until element ``locator`` is visible.</doc>
<arguments>
<arg>${EnterNameHeader}</arg>
<arg>${DefaultTimeout}</arg>
</arguments>
<status status="PASS" starttime="20190116 15:20:09.037" endtime="20190116 15:20:09.049"></status>
</kw>
<kw name="Element Should Be Visible" library="SeleniumLibrary">
<doc>Verifies that the element identified by ``locator`` is visible.</doc>
<arguments>
<arg>${92%Progress}</arg>
</arguments>
<msg timestamp="20190116 15:20:09.068" level="INFO">Element '//div[contains(@style,'width: 92%;')]' is displayed.</msg>
<status status="PASS" starttime="20190116 15:20:09.049" endtime="20190116 15:20:09.068"></status>
</kw>
<kw name="Click Element" library="SeleniumLibrary">
<doc>Click element identified by ``locator``.</doc>
<arguments>
<arg>${FirstNameField}</arg>
</arguments>
<msg timestamp="20190116 15:20:09.069" level="INFO">Clicking element '//input[contains(@placeholder,'Your First Name')]'.</msg>
<status status="PASS" starttime="20190116 15:20:09.068" endtime="20190116 15:20:09.129"></status>
</kw>
<kw name="Input Text" library="SeleniumLibrary">
<doc>Types the given ``text`` into text field identified by ``locator``.</doc>
<arguments>
<arg>${FirstNameField}</arg>
<arg>${FirstName}</arg>
</arguments>
<msg timestamp="20190116 15:20:09.129" level="INFO">Typing text 'Tom' into text field '//input[contains(@placeholder,'Your First Name')]'.</msg>
<status status="PASS" starttime="20190116 15:20:09.129" endtime="20190116 15:20:09.211"></status>
</kw>
<kw name="Click Element" library="SeleniumLibrary">
<doc>Click element identified by ``locator``.</doc>
<arguments>
<arg>${LastNameField}</arg>
</arguments>
<msg timestamp="20190116 15:20:09.212" level="INFO">Clicking element '//input[contains(@placeholder,'Your Last Name')]'.</msg>
<status status="PASS" starttime="20190116 15:20:09.212" endtime="20190116 15:20:09.285"></status>
</kw>
<kw name="Input Text" library="SeleniumLibrary">
<doc>Types the given ``text`` into text field identified by ``locator``.</doc>
<arguments>
<arg>${LastNameField}</arg>
<arg>${LastName}</arg>
</arguments>
<msg timestamp="20190116 15:20:09.285" level="INFO">Typing text 'Jones' into text field '//input[contains(@placeholder,'Your Last Name')]'.</msg>
<status status="PASS" starttime="20190116 15:20:09.285" endtime="20190116 15:20:09.400"></status>
</kw>
<kw name="Click Button" library="SeleniumLibrary">
<doc>Clicks button identified by ``locator``.</doc>
<arguments>
<arg>${NextButton}</arg>
</arguments>
<msg timestamp="20190116 15:20:09.401" level="INFO">Clicking button '//button[@type='button'][contains(.,'Next')]'.</msg>
<status status="PASS" starttime="20190116 15:20:09.400" endtime="20190116 15:20:09.622"></status>
</kw>
<kw name="Wait Until Element Is Visible" library="SeleniumLibrary">
<doc>Waits until element ``locator`` is visible.</doc>
<arguments>
<arg>${EstimateHeader}</arg>
<arg>${DefaultTimeout}</arg>
</arguments>
<status status="PASS" starttime="20190116 15:20:09.623" endtime="20190116 15:20:09.648"></status>
</kw>
<status status="PASS" starttime="20190116 15:20:09.035" endtime="20190116 15:20:09.648"></status>
</kw>
<kw name="Enter Your Email" library="Trade">
<tags>
<tag>Email Entry</tag>
</tags>
<arguments>
<arg>tester@test.com</arg>
</arguments>
<kw name="Set Variable" library="BuiltIn">
<doc>Returns the given values which can then be assigned to a variables.</doc>
<arguments>
<arg>${Email}</arg>
</arguments>
<assign>
<var>${EmailAddress}</var>
</assign>
<msg timestamp="20190116 15:20:09.649" level="INFO">${EmailAddress} = tester@test.com</msg>
<status status="PASS" starttime="20190116 15:20:09.648" endtime="20190116 15:20:09.649"></status>
</kw>
<kw name="Log To Console" library="BuiltIn">
<doc>Logs the given message to the console.</doc>
<arguments>
<arg>Enter an Email Address</arg>
</arguments>
<status status="PASS" starttime="20190116 15:20:09.649" endtime="20190116 15:20:09.649"></status>
</kw>
<kw name="Wait Until Element Is Visible" library="SeleniumLibrary">
<doc>Waits until element ``locator`` is visible.</doc>
<arguments>
<arg>${EstimateHeader}</arg>
<arg>${DefaultTimeout}</arg>
</arguments>
<status status="PASS" starttime="20190116 15:20:09.649" endtime="20190116 15:20:09.662"></status>
</kw>
<kw name="Element Should Be Visible" library="SeleniumLibrary">
<doc>Verifies that the element identified by ``locator`` is visible.</doc>
<arguments>
<arg>${96%Progress}</arg>
</arguments>
<msg timestamp="20190116 15:20:09.681" level="INFO">Element '//div[contains(@style,'width: 96%;')]' is displayed.</msg>
<status status="PASS" starttime="20190116 15:20:09.662" endtime="20190116 15:20:09.681"></status>
</kw>
<kw name="Click Element" library="SeleniumLibrary">
<doc>Click element identified by ``locator``.</doc>
<arguments>
<arg>${EmailTextField}</arg>
</arguments>
<msg timestamp="20190116 15:20:09.682" level="INFO">Clicking element '//input[@type='email']'.</msg>
<status status="PASS" starttime="20190116 15:20:09.682" endtime="20190116 15:20:09.748"></status>
</kw>
<kw name="Input Text" library="SeleniumLibrary">
<doc>Types the given ``text`` into text field identified by ``locator``.</doc>
<arguments>
<arg>${EmailTextField}</arg>
<arg>${EmailAddress}</arg>
</arguments>
<msg timestamp="20190116 15:20:09.748" level="INFO">Typing text 'tester@test.com' into text field '//input[@type='email']'.</msg>
<status status="PASS" starttime="20190116 15:20:09.748" endtime="20190116 15:20:10.025"></status>
</kw>
<kw name="Click Button" library="SeleniumLibrary">
<doc>Clicks button identified by ``locator``.</doc>
<arguments>
<arg>${NextButton}</arg>
</arguments>
<msg timestamp="20190116 15:20:10.026" level="INFO">Clicking button '//button[@type='button'][contains(.,'Next')]'.</msg>
<status status="PASS" starttime="20190116 15:20:10.026" endtime="20190116 15:20:10.285"></status>
</kw>
<status status="PASS" starttime="20190116 15:20:09.648" endtime="20190116 15:20:10.285"></status>
</kw>
<kw name="Enter Mobile Number" library="Trade">
<tags>
<tag>Mobile Number Entry</tag>
</tags>
<arguments>
<arg>2122222222</arg>
</arguments>
<kw name="Set Variable" library="BuiltIn">
<doc>Returns the given values which can then be assigned to a variables.</doc>
<arguments>
<arg>${Mobile}</arg>
</arguments>
<assign>
<var>${MobileNumber}</var>
</assign>
<msg timestamp="20190116 15:20:10.286" level="INFO">${MobileNumber} = 2122222222</msg>
<status status="PASS" starttime="20190116 15:20:10.286" endtime="20190116 15:20:10.286"></status>
</kw>
<kw name="Log To Console" library="BuiltIn">
<doc>Logs the given message to the console.</doc>
<arguments>
<arg>Enter a Mobile Number</arg>
</arguments>
<status status="PASS" starttime="20190116 15:20:10.286" endtime="20190116 15:20:10.287"></status>
</kw>
<kw name="Wait Until Element Is Visible" library="SeleniumLibrary">
<doc>Waits until element ``locator`` is visible.</doc>
<arguments>
<arg>${MobileNumberHeader}</arg>
<arg>${DefaultTimeout}</arg>
</arguments>
<status status="PASS" starttime="20190116 15:20:10.287" endtime="20190116 15:20:10.309"></status>
</kw>
<kw name="Element Should Be Visible" library="SeleniumLibrary">
<doc>Verifies that the element identified by ``locator`` is visible.</doc>
<arguments>
<arg>${100%Progress}</arg>
</arguments>
<msg timestamp="20190116 15:20:10.327" level="INFO">Element '//div[contains(@style,'width: 100%;')]' is displayed.</msg>
<status status="PASS" starttime="20190116 15:20:10.310" endtime="20190116 15:20:10.327"></status>
</kw>
<kw name="Click Element" library="SeleniumLibrary">
<doc>Click element identified by ``locator``.</doc>
<arguments>
<arg>${PhoneNumberField}</arg>
</arguments>
<msg timestamp="20190116 15:20:10.328" level="INFO">Clicking element '//input[@type='tel']'.</msg>
<status status="PASS" starttime="20190116 15:20:10.327" endtime="20190116 15:20:10.376"></status>
</kw>
<kw name="Input Text" library="SeleniumLibrary">
<doc>Types the given ``text`` into text field identified by ``locator``.</doc>
<arguments>
<arg>${PhoneNumberField}</arg>
<arg>${MobileNumber}</arg>
</arguments>
<msg timestamp="20190116 15:20:10.377" level="INFO">Typing text '2122222222' into text field '//input[@type='tel']'.</msg>
<status status="PASS" starttime="20190116 15:20:10.376" endtime="20190116 15:20:10.601"></status>
</kw>
<kw name="Wait Until Element Is Visible" library="SeleniumLibrary">
<doc>Waits until element ``locator`` is visible.</doc>
<arguments>
<arg>${SubmitBtn}</arg>
</arguments>
<status status="PASS" starttime="20190116 15:20:10.602" endtime="20190116 15:20:10.623"></status>
</kw>
<status status="PASS" starttime="20190116 15:20:10.286" endtime="20190116 15:20:10.623"></status>
</kw>
<kw name="End Web Test" library="Common" type="teardown">
<kw name="Close Browser" library="SeleniumLibrary">
<doc>Closes the current browser.</doc>
<status status="PASS" starttime="20190116 15:20:10.624" endtime="20190116 15:20:10.712"></status>
</kw>
<status status="PASS" starttime="20190116 15:20:10.623" endtime="20190116 15:20:10.712"></status>
</kw>
<status status="PASS" starttime="20190116 15:19:42.966" endtime="20190116 15:20:10.712" critical="yes"></status>
</test>
<doc>Knock POC</doc>
<status status="PASS" starttime="20190116 15:19:14.540" endtime="20190116 15:20:10.713"></status>
</suite>
<statistics>
<total>
<stat pass="5" fail="0">Critical Tests</stat>
<stat pass="5" fail="0">All Tests</stat>
</total>
<tag>
</tag>
<suite>
<stat pass="5" fail="0" id="s1" name="Launch">Launch</stat>
</suite>
</statistics>
<errors>
</errors>
</robot>
