<?xml version="1.0" encoding="UTF-8"?>
<robot generator="Robot 3.0.4 (Python 3.6.4 on darwin)" generated="20190111 15:06:27.795">
<suite id="s1" name="Launch" source="/Users/ronharley/AutomatedTests/knock/Central/Launch.robot">
<test id="s1-t1" name="TradeIn">
<kw name="Begin Web Test" library="Common" type="setup">
<kw name="Open Browser" library="SeleniumLibrary">
<doc>Opens a new browser instance to the given ``url``.</doc>
<arguments>
<arg>about:blank</arg>
<arg>${BROWSER}</arg>
</arguments>
<msg timestamp="20190111 15:06:27.919" level="INFO">Opening browser 'chrome' to base url 'about:blank'.</msg>
<status status="PASS" starttime="20190111 15:06:27.919" endtime="20190111 15:06:29.736"></status>
</kw>
<status status="PASS" starttime="20190111 15:06:27.919" endtime="20190111 15:06:29.737"></status>
</kw>
<kw name="Log To Console" library="BuiltIn">
<doc>Logs the given message to the console.</doc>
<arguments>
<arg>Trade in Workflow</arg>
</arguments>
<status status="PASS" starttime="20190111 15:06:29.737" endtime="20190111 15:06:29.738"></status>
</kw>
<kw name="TradeInWorkflow" library="Trade">
<kw name="Enter Valid Address" library="Trade">
<tags>
<tag>Enter Valid Address</tag>
</tags>
<kw name="Log To Console" library="BuiltIn">
<doc>Logs the given message to the console.</doc>
<arguments>
<arg>Entering a Valid Address</arg>
</arguments>
<status status="PASS" starttime="20190111 15:06:29.739" endtime="20190111 15:06:29.739"></status>
</kw>
<kw name="Go To" library="SeleniumLibrary">
<doc>Navigates the active browser instance to the provided ``url``.</doc>
<arguments>
<arg>${KnockURL}</arg>
</arguments>
<msg timestamp="20190111 15:06:29.739" level="INFO">Opening url 'https://www.knock.com/'</msg>
<status status="PASS" starttime="20190111 15:06:29.739" endtime="20190111 15:06:30.600"></status>
</kw>
<kw name="Sleep" library="BuiltIn">
<doc>Pauses the test executed for the given time.</doc>
<arguments>
<arg>3</arg>
</arguments>
<msg timestamp="20190111 15:06:33.601" level="INFO">Slept 3 seconds</msg>
<status status="PASS" starttime="20190111 15:06:30.601" endtime="20190111 15:06:33.602"></status>
</kw>
<kw name="Click Element" library="SeleniumLibrary">
<doc>Click element identified by ``locator``.</doc>
<arguments>
<arg>${EnterAddress}</arg>
</arguments>
<msg timestamp="20190111 15:06:33.602" level="INFO">Clicking element '//input[@placeholder='Enter your home address']'.</msg>
<status status="PASS" starttime="20190111 15:06:33.602" endtime="20190111 15:06:33.662"></status>
</kw>
<kw name="Click Button" library="SeleniumLibrary">
<doc>Clicks button identified by ``locator``.</doc>
<arguments>
<arg>${GetTradeButton}</arg>
</arguments>
<msg timestamp="20190111 15:06:33.662" level="INFO">Clicking button '//button[@class='_13u5ve25']'.</msg>
<status status="PASS" starttime="20190111 15:06:33.662" endtime="20190111 15:06:33.733"></status>
</kw>
<kw name="Wait Until Element Is Visible" library="SeleniumLibrary">
<doc>Waits until element ``locator`` is visible.</doc>
<arguments>
<arg>${EnterAddress}</arg>
<arg>5</arg>
</arguments>
<status status="PASS" starttime="20190111 15:06:33.733" endtime="20190111 15:06:33.751"></status>
</kw>
<kw name="Click Element" library="SeleniumLibrary">
<doc>Click element identified by ``locator``.</doc>
<arguments>
<arg>${EnterAddress}</arg>
</arguments>
<msg timestamp="20190111 15:06:33.752" level="INFO">Clicking element '//input[@placeholder='Enter your home address']'.</msg>
<status status="PASS" starttime="20190111 15:06:33.752" endtime="20190111 15:06:33.799"></status>
</kw>
<kw name="Input Text" library="SeleniumLibrary">
<doc>Types the given ``text`` into text field identified by ``locator``.</doc>
<arguments>
<arg>${EnterAddress}</arg>
<arg>3692 Silver Brook Ln Gainesville, GA</arg>
</arguments>
<msg timestamp="20190111 15:06:33.799" level="INFO">Typing text '3692 Silver Brook Ln Gainesville, GA' into text field '//input[@placeholder='Enter your home address']'.</msg>
<status status="PASS" starttime="20190111 15:06:33.799" endtime="20190111 15:06:34.056"></status>
</kw>
<kw name="Wait Until Element Is Visible" library="SeleniumLibrary">
<doc>Waits until element ``locator`` is visible.</doc>
<arguments>
<arg>//li[@class='_jx6g50i'][contains(.,'3692 Silver Brook Ln, Gainesville, GA')]</arg>
<arg>4</arg>
</arguments>
<status status="PASS" starttime="20190111 15:06:34.056" endtime="20190111 15:06:34.298"></status>
</kw>
<kw name="Click Element" library="SeleniumLibrary">
<doc>Click element identified by ``locator``.</doc>
<arguments>
<arg>//li[@class='_jx6g50i'][contains(.,'3692 Silver Brook Ln, Gainesville, GA')]</arg>
</arguments>
<msg timestamp="20190111 15:06:34.299" level="INFO">Clicking element '//li[@class='_jx6g50i'][contains(.,'3692 Silver Brook Ln, Gainesville, GA')]'.</msg>
<status status="PASS" starttime="20190111 15:06:34.299" endtime="20190111 15:06:34.423"></status>
</kw>
<kw name="Wait Until Element Is Visible" library="SeleniumLibrary">
<doc>Waits until element ``locator`` is visible.</doc>
<arguments>
<arg>//div[@class='_25tgwa'][contains(.,'Is this the correct address?')]</arg>
<arg>4</arg>
</arguments>
<status status="PASS" starttime="20190111 15:06:34.423" endtime="20190111 15:06:36.437"></status>
</kw>
<kw name="Click Button" library="SeleniumLibrary">
<doc>Clicks button identified by ``locator``.</doc>
<arguments>
<arg>${CorrectButton}</arg>
</arguments>
<msg timestamp="20190111 15:06:36.437" level="INFO">Clicking button '//button[@type='button'][contains(.,'Correct')]'.</msg>
<status status="PASS" starttime="20190111 15:06:36.437" endtime="20190111 15:06:36.584"></status>
</kw>
<kw name="Wait Until Element Is Visible" library="SeleniumLibrary">
<doc>Waits until element ``locator`` is visible.</doc>
<arguments>
<arg>${LetsStartCopy}</arg>
<arg>5</arg>
</arguments>
<status status="PASS" starttime="20190111 15:06:36.584" endtime="20190111 15:06:36.617"></status>
</kw>
<kw name="Capture Page Screenshot" library="SeleniumLibrary">
<doc>Takes screenshot of the current page and embeds it into log file.</doc>
<msg timestamp="20190111 15:06:36.885" level="INFO" html="yes">&lt;/td&gt;&lt;/tr&gt;&lt;tr&gt;&lt;td colspan="3"&gt;&lt;a href="selenium-screenshot-288.png"&gt;&lt;img src="selenium-screenshot-288.png" width="800px"&gt;&lt;/a&gt;</msg>
<status status="PASS" starttime="20190111 15:06:36.617" endtime="20190111 15:06:36.886"></status>
</kw>
<status status="PASS" starttime="20190111 15:06:29.738" endtime="20190111 15:06:36.886"></status>
</kw>
<kw name="Basic Facts" library="Trade">
<tags>
<tag>Basic Facts</tag>
</tags>
<kw name="Log To Console" library="BuiltIn">
<doc>Logs the given message to the console.</doc>
<arguments>
<arg>Selecting Basic Facts</arg>
</arguments>
<status status="PASS" starttime="20190111 15:06:36.886" endtime="20190111 15:06:36.886"></status>
</kw>
<kw name="Click Button" library="SeleniumLibrary">
<doc>Clicks button identified by ``locator``.</doc>
<arguments>
<arg>${AddBedrooms}</arg>
</arguments>
<msg timestamp="20190111 15:06:36.887" level="INFO">Clicking button '(//button[contains(@class,'_133gcyr1')])[1]'.</msg>
<status status="PASS" starttime="20190111 15:06:36.887" endtime="20190111 15:06:36.958"></status>
</kw>
<kw name="Click Button" library="SeleniumLibrary">
<doc>Clicks button identified by ``locator``.</doc>
<arguments>
<arg>${AddFullBathrooms}</arg>
</arguments>
<msg timestamp="20190111 15:06:36.959" level="INFO">Clicking button '(//button[contains(@class,'_133gcyr1')])[2]'.</msg>
<status status="PASS" starttime="20190111 15:06:36.958" endtime="20190111 15:06:37.028"></status>
</kw>
<kw name="Click Button" library="SeleniumLibrary">
<doc>Clicks button identified by ``locator``.</doc>
<arguments>
<arg>${AddHalfBathrooms}</arg>
</arguments>
<msg timestamp="20190111 15:06:37.029" level="INFO">Clicking button '(//button[contains(@class,'_133gcyr1')])[3]'.</msg>
<status status="PASS" starttime="20190111 15:06:37.028" endtime="20190111 15:06:37.100"></status>
</kw>
<kw name="Click Element" library="SeleniumLibrary">
<doc>Click element identified by ``locator``.</doc>
<arguments>
<arg>${YearBuild}</arg>
</arguments>
<msg timestamp="20190111 15:06:37.100" level="INFO">Clicking element '(//input[contains(@type,'tel')])[1]'.</msg>
<status status="PASS" starttime="20190111 15:06:37.100" endtime="20190111 15:06:37.157"></status>
</kw>
<kw name="Input Text" library="SeleniumLibrary">
<doc>Types the given ``text`` into text field identified by ``locator``.</doc>
<arguments>
<arg>${YearBuild}</arg>
<arg>1996</arg>
</arguments>
<msg timestamp="20190111 15:06:37.157" level="INFO">Typing text '1996' into text field '(//input[contains(@type,'tel')])[1]'.</msg>
<status status="PASS" starttime="20190111 15:06:37.157" endtime="20190111 15:06:37.257"></status>
</kw>
<kw name="Click Element" library="SeleniumLibrary">
<doc>Click element identified by ``locator``.</doc>
<arguments>
<arg>${SqFt}</arg>
</arguments>
<msg timestamp="20190111 15:06:37.257" level="INFO">Clicking element '(//input[contains(@type,'tel')])[2]'.</msg>
<status status="PASS" starttime="20190111 15:06:37.257" endtime="20190111 15:06:37.319"></status>
</kw>
<kw name="Input Text" library="SeleniumLibrary">
<doc>Types the given ``text`` into text field identified by ``locator``.</doc>
<arguments>
<arg>${SqFt}</arg>
<arg>1500</arg>
</arguments>
<msg timestamp="20190111 15:06:37.320" level="INFO">Typing text '1500' into text field '(//input[contains(@type,'tel')])[2]'.</msg>
<status status="PASS" starttime="20190111 15:06:37.319" endtime="20190111 15:06:37.422"></status>
</kw>
<kw name="Click Element" library="SeleniumLibrary">
<doc>Click element identified by ``locator``.</doc>
<arguments>
<arg>${HomeType}</arg>
</arguments>
<msg timestamp="20190111 15:06:37.423" level="INFO">Clicking element '//div[contains(@class,'_t2qorhv')]'.</msg>
<status status="PASS" starttime="20190111 15:06:37.423" endtime="20190111 15:06:37.482"></status>
</kw>
<kw name="Wait Until Element Is Visible" library="SeleniumLibrary">
<doc>Waits until element ``locator`` is visible.</doc>
<arguments>
<arg>${HomeTypeSingleFam}</arg>
<arg>4</arg>
</arguments>
<status status="PASS" starttime="20190111 15:06:37.483" endtime="20190111 15:06:37.504"></status>
</kw>
<kw name="Click Element" library="SeleniumLibrary">
<doc>Click element identified by ``locator``.</doc>
<arguments>
<arg>${HomeTypeSingleFam}</arg>
</arguments>
<msg timestamp="20190111 15:06:37.505" level="INFO">Clicking element '(//div[contains(.,'Single Family')])[10]'.</msg>
<status status="PASS" starttime="20190111 15:06:37.504" endtime="20190111 15:06:37.587"></status>
</kw>
<kw name="Wait Until Element Is Visible" library="SeleniumLibrary">
<doc>Waits until element ``locator`` is visible.</doc>
<arguments>
<arg>${NextButton}</arg>
<arg>4</arg>
</arguments>
<status status="PASS" starttime="20190111 15:06:37.587" endtime="20190111 15:06:37.609"></status>
</kw>
<kw name="Click Button" library="SeleniumLibrary">
<doc>Clicks button identified by ``locator``.</doc>
<arguments>
<arg>${NextButton}</arg>
</arguments>
<msg timestamp="20190111 15:06:37.609" level="INFO">Clicking button '//button[@type='button'][contains(.,'Next')]'.</msg>
<status status="PASS" starttime="20190111 15:06:37.609" endtime="20190111 15:06:37.741"></status>
</kw>
<status status="PASS" starttime="20190111 15:06:36.886" endtime="20190111 15:06:37.741"></status>
</kw>
<kw name="Does Home Have Any" library="Trade">
<tags>
<tag>Does Home Have Any Upgrades</tag>
</tags>
<kw name="Log To Console" library="BuiltIn">
<doc>Logs the given message to the console.</doc>
<arguments>
<arg>Selecting Upgrade Options</arg>
</arguments>
<status status="PASS" starttime="20190111 15:06:37.742" endtime="20190111 15:06:37.742"></status>
</kw>
<kw name="Wait Until Element Is Visible" library="SeleniumLibrary">
<doc>Waits until element ``locator`` is visible.</doc>
<arguments>
<arg>${DoesYourHomeCopy}</arg>
<arg>4</arg>
</arguments>
<status status="PASS" starttime="20190111 15:06:37.742" endtime="20190111 15:06:37.773"></status>
</kw>
<kw name="Click Button" library="SeleniumLibrary">
<doc>Clicks button identified by ``locator``.</doc>
<arguments>
<arg>${PoolButton}</arg>
</arguments>
<msg timestamp="20190111 15:06:37.774" level="INFO">Clicking button '//button[@type='button'][contains(.,'Pool')]'.</msg>
<status status="PASS" starttime="20190111 15:06:37.774" endtime="20190111 15:06:37.867"></status>
</kw>
<kw name="Click Button" library="SeleniumLibrary">
<doc>Clicks button identified by ``locator``.</doc>
<arguments>
<arg>${GarageButton}</arg>
</arguments>
<msg timestamp="20190111 15:06:37.868" level="INFO">Clicking button '//button[@type='button'][contains(.,'Garage')]'.</msg>
<status status="PASS" starttime="20190111 15:06:37.868" endtime="20190111 15:06:37.947"></status>
</kw>
<kw name="Click Button" library="SeleniumLibrary">
<doc>Clicks button identified by ``locator``.</doc>
<arguments>
<arg>${WaterDamageButton}</arg>
</arguments>
<msg timestamp="20190111 15:06:37.948" level="INFO">Clicking button '//button[@type='button'][contains(.,'Water Damage')]'.</msg>
<status status="PASS" starttime="20190111 15:06:37.948" endtime="20190111 15:06:38.016"></status>
</kw>
<kw name="Click Button" library="SeleniumLibrary">
<doc>Clicks button identified by ``locator``.</doc>
<arguments>
<arg>${PetIssues}</arg>
</arguments>
<msg timestamp="20190111 15:06:38.017" level="INFO">Clicking button '//button[@type='button'][contains(.,'Pest Issues')]'.</msg>
<status status="PASS" starttime="20190111 15:06:38.016" endtime="20190111 15:06:38.088"></status>
</kw>
<kw name="Click Button" library="SeleniumLibrary">
<doc>Clicks button identified by ``locator``.</doc>
<arguments>
<arg>${PlumbingIssues}</arg>
</arguments>
<msg timestamp="20190111 15:06:38.089" level="INFO">Clicking button '//button[@type='button'][contains(.,'Plumbing Issues')]'.</msg>
<status status="PASS" starttime="20190111 15:06:38.088" endtime="20190111 15:06:38.161"></status>
</kw>
<kw name="Click Button" library="SeleniumLibrary">
<doc>Clicks button identified by ``locator``.</doc>
<arguments>
<arg>${DrainageProblem}</arg>
</arguments>
<msg timestamp="20190111 15:06:38.162" level="INFO">Clicking button '//button[@type='button'][contains(.,'Drainage Problem')]'.</msg>
<status status="PASS" starttime="20190111 15:06:38.161" endtime="20190111 15:06:38.231"></status>
</kw>
<kw name="Click Button" library="SeleniumLibrary">
<doc>Clicks button identified by ``locator``.</doc>
<arguments>
<arg>${FondationIssues}</arg>
</arguments>
<msg timestamp="20190111 15:06:38.231" level="INFO">Clicking button '//button[@type='button'][contains(.,'Foundation Issues')]'.</msg>
<status status="PASS" starttime="20190111 15:06:38.231" endtime="20190111 15:06:38.299"></status>
</kw>
<kw name="Click Button" library="SeleniumLibrary">
<doc>Clicks button identified by ``locator``.</doc>
<arguments>
<arg>${NextButton}</arg>
</arguments>
<msg timestamp="20190111 15:06:38.299" level="INFO">Clicking button '//button[@type='button'][contains(.,'Next')]'.</msg>
<status status="PASS" starttime="20190111 15:06:38.299" endtime="20190111 15:06:38.395"></status>
</kw>
<status status="PASS" starttime="20190111 15:06:37.741" endtime="20190111 15:06:38.396"></status>
</kw>
<kw name="Updates" library="Trade">
<tags>
<tag>Does Home Have Any Updates</tag>
</tags>
<kw name="Log To Console" library="BuiltIn">
<doc>Logs the given message to the console.</doc>
<arguments>
<arg>Selecting Update Options</arg>
</arguments>
<status status="PASS" starttime="20190111 15:06:38.396" endtime="20190111 15:06:38.397"></status>
</kw>
<kw name="Wait Until Element Is Visible" library="SeleniumLibrary">
<doc>Waits until element ``locator`` is visible.</doc>
<arguments>
<arg>${UpdatesCopy}</arg>
</arguments>
<status status="PASS" starttime="20190111 15:06:38.397" endtime="20190111 15:06:38.425"></status>
</kw>
<kw name="Click Button" library="SeleniumLibrary">
<doc>Clicks button identified by ``locator``.</doc>
<arguments>
<arg>${NextButton}</arg>
</arguments>
<msg timestamp="20190111 15:06:38.425" level="INFO">Clicking button '//button[@type='button'][contains(.,'Next')]'.</msg>
<status status="PASS" starttime="20190111 15:06:38.425" endtime="20190111 15:06:38.494"></status>
</kw>
<kw name="Wait Until Element Is Visible" library="SeleniumLibrary">
<doc>Waits until element ``locator`` is visible.</doc>
<arguments>
<arg>${PleaseChooseOneValidationError}</arg>
<arg>5</arg>
</arguments>
<status status="PASS" starttime="20190111 15:06:38.495" endtime="20190111 15:06:38.518"></status>
</kw>
<kw name="Click Button" library="SeleniumLibrary">
<doc>Clicks button identified by ``locator``.</doc>
<arguments>
<arg>${KitchenCabinets}</arg>
</arguments>
<msg timestamp="20190111 15:06:38.518" level="INFO">Clicking button '//button[@type='button'][contains(.,'Kitchen Cabinets')]'.</msg>
<status status="PASS" starttime="20190111 15:06:38.518" endtime="20190111 15:06:38.605"></status>
</kw>
<kw name="Click Button" library="SeleniumLibrary">
<doc>Clicks button identified by ``locator``.</doc>
<arguments>
<arg>${KitchenFloor}</arg>
</arguments>
<msg timestamp="20190111 15:06:38.605" level="INFO">Clicking button '//button[@type='button'][contains(.,'Kitchen Floor')]'.</msg>
<status status="PASS" starttime="20190111 15:06:38.605" endtime="20190111 15:06:38.693"></status>
</kw>
<kw name="Click Button" library="SeleniumLibrary">
<doc>Clicks button identified by ``locator``.</doc>
<arguments>
<arg>${Flooring}</arg>
</arguments>
<msg timestamp="20190111 15:06:38.694" level="INFO">Clicking button '//button[@type='button'][contains(.,'Flooring')]'.</msg>
<status status="PASS" starttime="20190111 15:06:38.693" endtime="20190111 15:06:38.777"></status>
</kw>
<kw name="Click Button" library="SeleniumLibrary">
<doc>Clicks button identified by ``locator``.</doc>
<arguments>
<arg>${MasterBedroom}</arg>
</arguments>
<msg timestamp="20190111 15:06:38.777" level="INFO">Clicking button '//button[@type='button'][contains(.,'Master Bedroom')]'.</msg>
<status status="PASS" starttime="20190111 15:06:38.777" endtime="20190111 15:06:38.849"></status>
</kw>
<kw name="Click Button" library="SeleniumLibrary">
<doc>Clicks button identified by ``locator``.</doc>
<arguments>
<arg>${Bathrooms}</arg>
</arguments>
<msg timestamp="20190111 15:06:38.849" level="INFO">Clicking button '//button[@type='button'][contains(.,'Bathroom(s)')]'.</msg>
<status status="PASS" starttime="20190111 15:06:38.849" endtime="20190111 15:06:38.918"></status>
</kw>
<kw name="Click Button" library="SeleniumLibrary">
<doc>Clicks button identified by ``locator``.</doc>
<arguments>
<arg>${BackyardDeck}</arg>
</arguments>
<msg timestamp="20190111 15:06:38.919" level="INFO">Clicking button '//button[@type='button'][contains(.,'Backyard/Deck')]'.</msg>
<status status="PASS" starttime="20190111 15:06:38.918" endtime="20190111 15:06:38.986"></status>
</kw>
<kw name="Click Button" library="SeleniumLibrary">
<doc>Clicks button identified by ``locator``.</doc>
<arguments>
<arg>${InterionPaint}</arg>
</arguments>
<msg timestamp="20190111 15:06:38.986" level="INFO">Clicking button '//button[@type='button'][contains(.,'Interior Paint')]'.</msg>
<status status="PASS" starttime="20190111 15:06:38.986" endtime="20190111 15:06:39.058"></status>
</kw>
<kw name="Click Button" library="SeleniumLibrary">
<doc>Clicks button identified by ``locator``.</doc>
<arguments>
<arg>${CounterTops}</arg>
</arguments>
<msg timestamp="20190111 15:06:39.058" level="INFO">Clicking button '//button[@type='button'][contains(.,'Countertops')]'.</msg>
<status status="PASS" starttime="20190111 15:06:39.058" endtime="20190111 15:06:39.131"></status>
</kw>
<kw name="Click Button" library="SeleniumLibrary">
<doc>Clicks button identified by ``locator``.</doc>
<arguments>
<arg>${NextButton}</arg>
</arguments>
<msg timestamp="20190111 15:06:39.132" level="INFO">Clicking button '//button[@type='button'][contains(.,'Next')]'.</msg>
<status status="PASS" starttime="20190111 15:06:39.131" endtime="20190111 15:06:39.194"></status>
</kw>
<kw name="Wait Until Element Is Visible" library="SeleniumLibrary">
<doc>Waits until element ``locator`` is visible.</doc>
<arguments>
<arg>${DescribeUpdatesCopy}</arg>
<arg>5</arg>
</arguments>
<status status="PASS" starttime="20190111 15:06:39.194" endtime="20190111 15:06:39.217"></status>
</kw>
<kw name="Click Element" library="SeleniumLibrary">
<doc>Click element identified by ``locator``.</doc>
<arguments>
<arg>${DescribeUpdatesCopy}</arg>
</arguments>
<msg timestamp="20190111 15:06:39.218" level="INFO">Clicking element '//textarea[contains(@placeholder,'Please describe the updates and when they were made.')]'.</msg>
<status status="PASS" starttime="20190111 15:06:39.217" endtime="20190111 15:06:39.270"></status>
</kw>
<kw name="Sleep" library="BuiltIn">
<doc>Pauses the test executed for the given time.</doc>
<arguments>
<arg>2</arg>
</arguments>
<msg timestamp="20190111 15:06:41.271" level="INFO">Slept 2 seconds</msg>
<status status="PASS" starttime="20190111 15:06:39.270" endtime="20190111 15:06:41.271"></status>
</kw>
<kw name="Input Text" library="SeleniumLibrary">
<doc>Types the given ``text`` into text field identified by ``locator``.</doc>
<arguments>
<arg>${DescribeUpdatesCopy}</arg>
<arg>This is my description</arg>
</arguments>
<msg timestamp="20190111 15:06:41.272" level="INFO">Typing text 'This is my description' into text field '//textarea[contains(@placeholder,'Please describe the updates and when they were made.')]'.</msg>
<status status="PASS" starttime="20190111 15:06:41.271" endtime="20190111 15:06:41.546"></status>
</kw>
<kw name="Sleep" library="BuiltIn">
<doc>Pauses the test executed for the given time.</doc>
<arguments>
<arg>1</arg>
</arguments>
<msg timestamp="20190111 15:06:42.547" level="INFO">Slept 1 second</msg>
<status status="PASS" starttime="20190111 15:06:41.546" endtime="20190111 15:06:42.547"></status>
</kw>
<kw name="Click Button" library="SeleniumLibrary">
<doc>Clicks button identified by ``locator``.</doc>
<arguments>
<arg>${NextButton}</arg>
</arguments>
<msg timestamp="20190111 15:06:42.547" level="INFO">Clicking button '//button[@type='button'][contains(.,'Next')]'.</msg>
<status status="PASS" starttime="20190111 15:06:42.547" endtime="20190111 15:06:42.648"></status>
</kw>
<status status="PASS" starttime="20190111 15:06:38.396" endtime="20190111 15:06:42.649"></status>
</kw>
<kw name="Need Repairs" library="Trade">
<tags>
<tag>Any Repairs or Improvements</tag>
</tags>
<kw name="Log To Console" library="BuiltIn">
<doc>Logs the given message to the console.</doc>
<arguments>
<arg>Repairs or Improvments Selection</arg>
</arguments>
<status status="PASS" starttime="20190111 15:06:42.649" endtime="20190111 15:06:42.649"></status>
</kw>
<kw name="Wait Until Element Is Visible" library="SeleniumLibrary">
<doc>Waits until element ``locator`` is visible.</doc>
<arguments>
<arg>${ImprovementsNeededHeader}</arg>
<arg>4</arg>
</arguments>
<status status="PASS" starttime="20190111 15:06:42.649" endtime="20190111 15:06:42.679"></status>
</kw>
<kw name="Sleep" library="BuiltIn">
<doc>Pauses the test executed for the given time.</doc>
<arguments>
<arg>2</arg>
</arguments>
<msg timestamp="20190111 15:06:44.679" level="INFO">Slept 2 seconds</msg>
<status status="PASS" starttime="20190111 15:06:42.679" endtime="20190111 15:06:44.680"></status>
</kw>
<kw name="Click Button" library="SeleniumLibrary">
<doc>Clicks button identified by ``locator``.</doc>
<arguments>
<arg>${NoButton}</arg>
</arguments>
<msg timestamp="20190111 15:06:44.680" level="INFO">Clicking button '//button[@type='button'][contains(.,'No')]'.</msg>
<status status="PASS" starttime="20190111 15:06:44.680" endtime="20190111 15:06:44.794"></status>
</kw>
<kw name="Wait Until Element Is Visible" library="SeleniumLibrary">
<doc>Waits until element ``locator`` is visible.</doc>
<arguments>
<arg>${AgeOfRoofHeader}</arg>
<arg>4</arg>
</arguments>
<status status="PASS" starttime="20190111 15:06:44.794" endtime="20190111 15:06:44.823"></status>
</kw>
<kw name="Click Button" library="SeleniumLibrary">
<doc>Clicks button identified by ``locator``.</doc>
<arguments>
<arg>${BackButton}</arg>
</arguments>
<msg timestamp="20190111 15:06:44.823" level="INFO">Clicking button '//button[@type='button'][contains(.,'Back')]'.</msg>
<status status="PASS" starttime="20190111 15:06:44.823" endtime="20190111 15:06:44.939"></status>
</kw>
<kw name="Wait Until Element Is Visible" library="SeleniumLibrary">
<doc>Waits until element ``locator`` is visible.</doc>
<arguments>
<arg>${ImprovementsNeededHeader}</arg>
<arg>4</arg>
</arguments>
<status status="PASS" starttime="20190111 15:06:44.939" endtime="20190111 15:06:44.965"></status>
</kw>
<kw name="Click Button" library="SeleniumLibrary">
<doc>Clicks button identified by ``locator``.</doc>
<arguments>
<arg>${YesButton}</arg>
</arguments>
<msg timestamp="20190111 15:06:44.966" level="INFO">Clicking button '//button[@type='button'][contains(.,'Yes')]'.</msg>
<status status="PASS" starttime="20190111 15:06:44.965" endtime="20190111 15:06:45.041"></status>
</kw>
<kw name="Capture Page Screenshot" library="SeleniumLibrary">
<doc>Takes screenshot of the current page and embeds it into log file.</doc>
<msg timestamp="20190111 15:06:45.288" level="INFO" html="yes">&lt;/td&gt;&lt;/tr&gt;&lt;tr&gt;&lt;td colspan="3"&gt;&lt;a href="selenium-screenshot-289.png"&gt;&lt;img src="selenium-screenshot-289.png" width="800px"&gt;&lt;/a&gt;</msg>
<status status="PASS" starttime="20190111 15:06:45.041" endtime="20190111 15:06:45.289"></status>
</kw>
<kw name="Click Button" library="SeleniumLibrary">
<doc>Clicks button identified by ``locator``.</doc>
<arguments>
<arg>${NoButton}</arg>
</arguments>
<msg timestamp="20190111 15:06:45.289" level="INFO">Clicking button '//button[@type='button'][contains(.,'No')]'.</msg>
<status status="PASS" starttime="20190111 15:06:45.289" endtime="20190111 15:06:45.387"></status>
</kw>
<status status="PASS" starttime="20190111 15:06:42.649" endtime="20190111 15:06:45.387"></status>
</kw>
<status status="PASS" starttime="20190111 15:06:29.738" endtime="20190111 15:06:45.387"></status>
</kw>
<kw name="End Web Test" library="Common" type="teardown">
<kw name="Close Browser" library="SeleniumLibrary">
<doc>Closes the current browser.</doc>
<status status="PASS" starttime="20190111 15:06:45.388" endtime="20190111 15:06:45.465"></status>
</kw>
<status status="PASS" starttime="20190111 15:06:45.387" endtime="20190111 15:06:45.466"></status>
</kw>
<status status="PASS" starttime="20190111 15:06:27.918" endtime="20190111 15:06:45.466" critical="yes"></status>
</test>
<doc>Knock POC</doc>
<status status="PASS" starttime="20190111 15:06:27.797" endtime="20190111 15:06:45.467"></status>
</suite>
<statistics>
<total>
<stat pass="1" fail="0">Critical Tests</stat>
<stat pass="1" fail="0">All Tests</stat>
</total>
<tag>
</tag>
<suite>
<stat pass="1" fail="0" id="s1" name="Launch">Launch</stat>
</suite>
</statistics>
<errors>
</errors>
</robot>
